Starting FlowSculpt search.
Parallel pool initialized with 16 threads.
1.43% complete. Top fitness: 0.961. Estimating remaining time...
2.86% complete. Top fitness: 0.961. Estimating remaining time...
4.29% complete. Top fitness: 0.961. Estimated time remaining: 0 seconds.
5.71% complete. Top fitness: 0.961. Estimated time remaining: 0 seconds.
7.14% complete. Top fitness: 0.961. Estimated time remaining: 0 seconds.
8.57% complete. Top fitness: 0.961. Estimated time remaining: 0 seconds.
10% complete. Top fitness: 0.961. Estimated time remaining: 0 seconds.
11.4% complete. Top fitness: 0.961. Estimated time remaining: 0 seconds.
12.9% complete. Top fitness: 0.961. Estimated time remaining: 0 seconds.
14.3% complete. Top fitness: 0.961. Estimated time remaining: 0 seconds.
15.7% complete. Top fitness: 0.979. Estimated time remaining: 0 seconds.
17.1% complete. Top fitness: 0.979. Estimated time remaining: 0 seconds.
18.6% complete. Top fitness: 0.979. Estimated time remaining: 0 seconds.
20% complete. Top fitness: 0.979. Estimated time remaining: 0 seconds.
21.4% complete. Top fitness: 0.979. Estimated time remaining: 0 seconds.
22.9% complete. Top fitness: 0.979. Estimated time remaining: 0 seconds.
24.3% complete. Top fitness: 0.979. Estimated time remaining: 0 seconds.
25.7% complete. Top fitness: 0.979. Estimated time remaining: 0 seconds.
27.1% complete. Top fitness: 0.979. Estimated time remaining: 0 seconds.
28.6% complete. Top fitness: 0.979. Estimated time remaining: 0 seconds.
30% complete. Top fitness: 0.979. Estimated time remaining: 0 seconds.
31.4% complete. Top fitness: 0.979. Estimated time remaining: 0 seconds.
32.9% complete. Top fitness: 0.979. Estimated time remaining: 0 seconds.
34.3% complete. Top fitness: 0.979. Estimated time remaining: 0 seconds.
35.7% complete. Top fitness: 0.979. Estimated time remaining: 0 seconds.
37.1% complete. Top fitness: 0.979. Estimated time remaining: 0 seconds.
38.6% complete. Top fitness: 0.979. Estimated time remaining: 0 seconds.
40% complete. Top fitness: 0.979. Estimated time remaining: 0 seconds.
41.4% complete. Top fitness: 0.979. Estimated time remaining: 0 seconds.
42.9% complete. Top fitness: 0.979. Estimated time remaining: 0 seconds.
44.3% complete. Top fitness: 0.987. Estimated time remaining: 0 seconds.
45.7% complete. Top fitness: 0.987. Estimated time remaining: 0 seconds.
47.1% complete. Top fitness: 0.987. Estimated time remaining: 0 seconds.
48.6% complete. Top fitness: 0.987. Estimated time remaining: 0 seconds.
50% complete. Top fitness: 0.987. Estimated time remaining: 0 seconds.
51.4% complete. Top fitness: 0.987. Estimated time remaining: 0 seconds.
52.9% complete. Top fitness: 0.987. Estimated time remaining: 0 seconds.
54.3% complete. Top fitness: 0.987. Estimated time remaining: 0 seconds.
55.7% complete. Top fitness: 0.987. Estimated time remaining: 0 seconds.
57.1% complete. Top fitness: 0.987. Estimated time remaining: 0 seconds.
58.6% complete. Top fitness: 0.987. Estimated time remaining: 0 seconds.
60% complete. Top fitness: 0.987. Estimated time remaining: 0 seconds.
61.4% complete. Top fitness: 0.987. Estimated time remaining: 0 seconds.
62.9% complete. Top fitness: 0.987. Estimated time remaining: 0 seconds.
64.3% complete. Top fitness: 0.987. Estimated time remaining: 0 seconds.
65.7% complete. Top fitness: 0.987. Estimated time remaining: 0 seconds.
67.1% complete. Top fitness: 0.987. Estimated time remaining: 0 seconds.
68.6% complete. Top fitness: 0.987. Estimated time remaining: 0 seconds.
70% complete. Top fitness: 0.987. Estimated time remaining: 0 seconds.
71.4% complete. Top fitness: 0.987. Estimated time remaining: 0 seconds.
72.9% complete. Top fitness: 0.987. Estimated time remaining: 0 seconds.
74.3% complete. Top fitness: 0.987. Estimated time remaining: 0 seconds.
75.7% complete. Top fitness: 0.987. Estimated time remaining: 0 seconds.
77.1% complete. Top fitness: 0.987. Estimated time remaining: 0 seconds.
78.6% complete. Top fitness: 0.987. Estimated time remaining: 0 seconds.
80% complete. Top fitness: 0.987. Estimated time remaining: 0 seconds.
81.4% complete. Top fitness: 0.987. Estimated time remaining: 0 seconds.
82.9% complete. Top fitness: 0.987. Estimated time remaining: 0 seconds.
84.3% complete. Top fitness: 0.987. Estimated time remaining: 0 seconds.
85.7% complete. Top fitness: 0.99. Estimated time remaining: 0 seconds.
87.1% complete. Top fitness: 0.99. Estimated time remaining: 0 seconds.
88.6% complete. Top fitness: 0.99. Estimated time remaining: 0 seconds.
90% complete. Top fitness: 0.99. Estimated time remaining: 0 seconds.
91.4% complete. Top fitness: 0.99. Estimated time remaining: 0 seconds.
92.9% complete. Top fitness: 0.99. Estimated time remaining: 0 seconds.
94.3% complete. Top fitness: 0.99. Estimated time remaining: 0 seconds.
95.7% complete. Top fitness: 0.99. Estimated time remaining: 0 seconds.
97.1% complete. Top fitness: 0.99. Estimated time remaining: 0 seconds.
98.6% complete. Top fitness: 0.99. Estimated time remaining: 0 seconds.
100% complete. Top fitness: 0.99. 
Total runtime (ms): 20077
{
"global_top": {
"score": 0.989688,
"num_pillars": 6,
"inlet": {
"widths" : [0.4, 0.2, 0.4],"material" : [0, 1, 0]},
"seq": [0.6125, -0.01889, 1, 0.3126, 0.179, 1, 0.3703, -0.1764, 1, 0.3183, 0.008864, 1, 0.3416, -0.1442, 1, 0.3537, 0.1276, 1],
"indices": [19, 4, 2, 3, 2, 4]
}
,
"per_pillar": [
{
"score": 0.961,
"num_pillars": 1,
"inlet": {
"widths" : [0.4, 0.2, 0.4],"material" : [0, 1, 0]},
"seq": [0.5899, 0.01856, 1],
"indices": [19]
}
,
{
"score": 0.9787,
"num_pillars": 2,
"inlet": {
"widths" : [0.4, 0.2, 0.4],"material" : [0, 1, 0]},
"seq": [0.5072, -0.02887, 1, 0.5137, 0.01548, 1],
"indices": [11, 11]
}
,
{
"score": 0.9791,
"num_pillars": 3,
"inlet": {
"widths" : [0.4, 0.2, 0.4],"material" : [0, 1, 0]},
"seq": [0.4699, -0.02605, 1, 0.3943, -0.04468, 1, 0.3351, -0.04001, 1],
"indices": [11, 3, 3]
}
,
{
"score": 0.9871,
"num_pillars": 4,
"inlet": {
"widths" : [0.4, 0.2, 0.4],"material" : [0, 1, 0]},
"seq": [0.5544, 0.02466, 1, 0.4456, 0.03612, 1, 0.3534, 0.1259, 1, 0.3351, -0.1182, 1],
"indices": [11, 11, 4, 2]
}
,
{
"score": 0.9859,
"num_pillars": 5,
"inlet": {
"widths" : [0.4, 0.2, 0.4],"material" : [0, 1, 0]},
"seq": [0.5471, -0.03099, 1, 0.3578, -0.002637, 1, 0.3384, -0.02627, 1, 0.3254, 0.1353, 1, 0.4131, -0.06784, 1],
"indices": [11, 3, 3, 4, 2]
}
,
{
"score": 0.9897,
"num_pillars": 6,
"inlet": {
"widths" : [0.4, 0.2, 0.4],"material" : [0, 1, 0]},
"seq": [0.6125, -0.01889, 1, 0.3126, 0.179, 1, 0.3703, -0.1764, 1, 0.3183, 0.008864, 1, 0.3416, -0.1442, 1, 0.3537, 0.1276, 1],
"indices": [19, 4, 2, 3, 2, 4]
}
]}
job_name: add_vertex
