Starting FlowSculpt search.
Parallel pool initialized with 8 threads.
1.43% complete. Top fitness: 0.854. Estimating remaining time...
2.86% complete. Top fitness: 0.854. Estimating remaining time...
4.29% complete. Top fitness: 0.854. Estimated time remaining: 0 seconds.
5.71% complete. Top fitness: 0.854. Estimated time remaining: 0 seconds.
7.14% complete. Top fitness: 0.854. Estimated time remaining: 0 seconds.
8.57% complete. Top fitness: 0.854. Estimated time remaining: 0 seconds.
10% complete. Top fitness: 0.854. Estimated time remaining: 0 seconds.
11.4% complete. Top fitness: 0.854. Estimated time remaining: 0 seconds.
12.9% complete. Top fitness: 0.854. Estimated time remaining: 0 seconds.
14.3% complete. Top fitness: 0.854. Estimated time remaining: 0 seconds.
15.7% complete. Top fitness: 0.903. Estimated time remaining: 0 seconds.
17.1% complete. Top fitness: 0.903. Estimated time remaining: 0 seconds.
18.6% complete. Top fitness: 0.903. Estimated time remaining: 0 seconds.
20% complete. Top fitness: 0.903. Estimated time remaining: 0 seconds.
21.4% complete. Top fitness: 0.903. Estimated time remaining: 0 seconds.
22.9% complete. Top fitness: 0.903. Estimated time remaining: 0 seconds.
24.3% complete. Top fitness: 0.903. Estimated time remaining: 0 seconds.
25.7% complete. Top fitness: 0.903. Estimated time remaining: 0 seconds.
27.1% complete. Top fitness: 0.903. Estimated time remaining: 0 seconds.
28.6% complete. Top fitness: 0.903. Estimated time remaining: 0 seconds.
30% complete. Top fitness: 0.935. Estimated time remaining: 0 seconds.
31.4% complete. Top fitness: 0.935. Estimated time remaining: 0 seconds.
32.9% complete. Top fitness: 0.935. Estimated time remaining: 0 seconds.
34.3% complete. Top fitness: 0.935. Estimated time remaining: 0 seconds.
35.7% complete. Top fitness: 0.935. Estimated time remaining: 0 seconds.
37.1% complete. Top fitness: 0.935. Estimated time remaining: 0 seconds.
38.6% complete. Top fitness: 0.935. Estimated time remaining: 0 seconds.
40% complete. Top fitness: 0.935. Estimated time remaining: 0 seconds.
41.4% complete. Top fitness: 0.935. Estimated time remaining: 0 seconds.
42.9% complete. Top fitness: 0.935. Estimated time remaining: 0 seconds.
44.3% complete. Top fitness: 0.953. Estimated time remaining: 0 seconds.
45.7% complete. Top fitness: 0.953. Estimated time remaining: 0 seconds.
47.1% complete. Top fitness: 0.953. Estimated time remaining: 0 seconds.
48.6% complete. Top fitness: 0.953. Estimated time remaining: 0 seconds.
50% complete. Top fitness: 0.953. Estimated time remaining: 0 seconds.
51.4% complete. Top fitness: 0.953. Estimated time remaining: 0 seconds.
52.9% complete. Top fitness: 0.953. Estimated time remaining: 0 seconds.
54.3% complete. Top fitness: 0.953. Estimated time remaining: 0 seconds.
55.7% complete. Top fitness: 0.953. Estimated time remaining: 0 seconds.
57.1% complete. Top fitness: 0.953. Estimated time remaining: 0 seconds.
58.6% complete. Top fitness: 0.957. Estimated time remaining: 0 seconds.
60% complete. Top fitness: 0.957. Estimated time remaining: 0 seconds.
61.4% complete. Top fitness: 0.967. Estimated time remaining: 0 seconds.
62.9% complete. Top fitness: 0.967. Estimated time remaining: 0 seconds.
64.3% complete. Top fitness: 0.967. Estimated time remaining: 0 seconds.
65.7% complete. Top fitness: 0.967. Estimated time remaining: 0 seconds.
67.1% complete. Top fitness: 0.967. Estimated time remaining: 0 seconds.
68.6% complete. Top fitness: 0.967. Estimated time remaining: 0 seconds.
70% complete. Top fitness: 0.967. Estimated time remaining: 0 seconds.
71.4% complete. Top fitness: 0.968. Estimated time remaining: 0 seconds.
72.9% complete. Top fitness: 0.97. Estimated time remaining: 0 seconds.
74.3% complete. Top fitness: 0.97. Estimated time remaining: 0 seconds.
75.7% complete. Top fitness: 0.97. Estimated time remaining: 0 seconds.
77.1% complete. Top fitness: 0.974. Estimated time remaining: 0 seconds.
78.6% complete. Top fitness: 0.974. Estimated time remaining: 0 seconds.
80% complete. Top fitness: 0.982. Estimated time remaining: 0 seconds.
81.4% complete. Top fitness: 0.982. Estimated time remaining: 0 seconds.
82.9% complete. Top fitness: 0.982. Estimated time remaining: 0 seconds.
84.3% complete. Top fitness: 0.982. Estimated time remaining: 0 seconds.
85.7% complete. Top fitness: 0.982. Estimated time remaining: 0 seconds.
87.1% complete. Top fitness: 0.982. Estimated time remaining: 0 seconds.
88.6% complete. Top fitness: 0.982. Estimated time remaining: 0 seconds.
90% complete. Top fitness: 0.982. Estimated time remaining: 0 seconds.
91.4% complete. Top fitness: 0.985. Estimated time remaining: 0 seconds.
92.9% complete. Top fitness: 0.985. Estimated time remaining: 0 seconds.
94.3% complete. Top fitness: 0.985. Estimated time remaining: 0 seconds.
95.7% complete. Top fitness: 0.985. Estimated time remaining: 0 seconds.
97.1% complete. Top fitness: 0.985. Estimated time remaining: 0 seconds.
98.6% complete. Top fitness: 0.985. Estimated time remaining: 0 seconds.
100% complete. Top fitness: 0.985. 
Total runtime (ms): 31407
{
"global_top": {
"score": 0.985175,
"num_pillars": 7,
"inlet": {
"widths" : [0.4, 0.2, 0.4],"material" : [0, 1, 0]},
"seq": [0.6311, 0.01559, 1, 0.5937, 0.0001958, 1, 0.6758, -0.03988, 1, 0.6547, 0.08164, 1, 0.8123, 0.3022, 1, 0.8124, 0.3965, 1, 0.7484, -0.3736, 1],
"indices": [19, 19, 19, 20, 29, 30, 24]
}
,
"per_pillar": [
{
"score": 0.8538,
"num_pillars": 1,
"inlet": {
"widths" : [0.4, 0.2, 0.4],"material" : [0, 1, 0]},
"seq": [0.7264, 0.03589, 1],
"indices": [27]
}
,
{
"score": 0.9029,
"num_pillars": 2,
"inlet": {
"widths" : [0.4, 0.2, 0.4],"material" : [0, 1, 0]},
"seq": [0.8125, 0.01441, 1, 0.7873, 0.174, 1],
"indices": [27, 28]
}
,
{
"score": 0.9348,
"num_pillars": 3,
"inlet": {
"widths" : [0.4, 0.2, 0.4],"material" : [0, 1, 0]},
"seq": [0.7232, -0.0004595, 1, 0.7857, -0.003297, 1, 0.8125, 0.1247, 1],
"indices": [27, 27, 28]
}
,
{
"score": 0.9525,
"num_pillars": 4,
"inlet": {
"widths" : [0.4, 0.2, 0.4],"material" : [0, 1, 0]},
"seq": [0.8125, -0.02965, 1, 0.7464, 0.0567, 1, 0.7755, 0.1415, 1, 0.7773, 0.5222, 1],
"indices": [27, 27, 28, 31]
}
,
{
"score": 0.9679,
"num_pillars": 5,
"inlet": {
"widths" : [0.4, 0.2, 0.4],"material" : [0, 1, 0]},
"seq": [0.7937, -0.02513, 1, 0.76, -0.00194, 1, 0.7761, 0.1547, 1, 0.6395, 0.1399, 1, 0.7851, -0.2738, 1],
"indices": [27, 27, 28, 20, 25]
}
,
{
"score": 0.9825,
"num_pillars": 6,
"inlet": {
"widths" : [0.4, 0.2, 0.4],"material" : [0, 1, 0]},
"seq": [0.796, -0.02439, 1, 0.8119, 0.0009753, 1, 0.3149, 0.1339, 1, 0.4567, 0.1304, 1, 0.7773, 0.1542, 1, 0.7775, -0.4365, 1],
"indices": [27, 27, 4, 12, 28, 24]
}
]}
job_name: shift
