Starting FlowSculpt search.
Parallel pool initialized with 16 threads.
1.43% complete. Top fitness: 0.776. Estimating remaining time...
2.86% complete. Top fitness: 0.776. Estimating remaining time...
4.29% complete. Top fitness: 0.776. Estimated time remaining: 0 seconds.
5.71% complete. Top fitness: 0.776. Estimated time remaining: 0 seconds.
7.14% complete. Top fitness: 0.776. Estimated time remaining: 0 seconds.
8.57% complete. Top fitness: 0.776. Estimated time remaining: 0 seconds.
10% complete. Top fitness: 0.776. Estimated time remaining: 0 seconds.
11.4% complete. Top fitness: 0.776. Estimated time remaining: 0 seconds.
12.9% complete. Top fitness: 0.776. Estimated time remaining: 0 seconds.
14.3% complete. Top fitness: 0.776. Estimated time remaining: 0 seconds.
15.7% complete. Top fitness: 0.819. Estimated time remaining: 0 seconds.
17.1% complete. Top fitness: 0.819. Estimated time remaining: 0 seconds.
18.6% complete. Top fitness: 0.819. Estimated time remaining: 0 seconds.
20% complete. Top fitness: 0.819. Estimated time remaining: 0 seconds.
21.4% complete. Top fitness: 0.819. Estimated time remaining: 0 seconds.
22.9% complete. Top fitness: 0.819. Estimated time remaining: 0 seconds.
24.3% complete. Top fitness: 0.819. Estimated time remaining: 0 seconds.
25.7% complete. Top fitness: 0.819. Estimated time remaining: 0 seconds.
27.1% complete. Top fitness: 0.819. Estimated time remaining: 0 seconds.
28.6% complete. Top fitness: 0.819. Estimated time remaining: 0 seconds.
30% complete. Top fitness: 0.865. Estimated time remaining: 0 seconds.
31.4% complete. Top fitness: 0.865. Estimated time remaining: 0 seconds.
32.9% complete. Top fitness: 0.865. Estimated time remaining: 0 seconds.
34.3% complete. Top fitness: 0.865. Estimated time remaining: 0 seconds.
35.7% complete. Top fitness: 0.865. Estimated time remaining: 0 seconds.
37.1% complete. Top fitness: 0.865. Estimated time remaining: 0 seconds.
38.6% complete. Top fitness: 0.865. Estimated time remaining: 0 seconds.
40% complete. Top fitness: 0.865. Estimated time remaining: 0 seconds.
41.4% complete. Top fitness: 0.865. Estimated time remaining: 0 seconds.
42.9% complete. Top fitness: 0.865. Estimated time remaining: 0 seconds.
44.3% complete. Top fitness: 0.92. Estimated time remaining: 0 seconds.
45.7% complete. Top fitness: 0.92. Estimated time remaining: 0 seconds.
47.1% complete. Top fitness: 0.92. Estimated time remaining: 0 seconds.
48.6% complete. Top fitness: 0.92. Estimated time remaining: 0 seconds.
50% complete. Top fitness: 0.92. Estimated time remaining: 0 seconds.
51.4% complete. Top fitness: 0.92. Estimated time remaining: 0 seconds.
52.9% complete. Top fitness: 0.92. Estimated time remaining: 0 seconds.
54.3% complete. Top fitness: 0.92. Estimated time remaining: 0 seconds.
55.7% complete. Top fitness: 0.92. Estimated time remaining: 0 seconds.
57.1% complete. Top fitness: 0.92. Estimated time remaining: 0 seconds.
58.6% complete. Top fitness: 0.976. Estimated time remaining: 0 seconds.
60% complete. Top fitness: 0.976. Estimated time remaining: 0 seconds.
61.4% complete. Top fitness: 0.976. Estimated time remaining: 0 seconds.
62.9% complete. Top fitness: 0.976. Estimated time remaining: 0 seconds.
64.3% complete. Top fitness: 0.976. Estimated time remaining: 0 seconds.
65.7% complete. Top fitness: 0.976. Estimated time remaining: 0 seconds.
67.1% complete. Top fitness: 0.976. Estimated time remaining: 0 seconds.
68.6% complete. Top fitness: 0.976. Estimated time remaining: 0 seconds.
70% complete. Top fitness: 0.976. Estimated time remaining: 0 seconds.
71.4% complete. Top fitness: 0.976. Estimated time remaining: 0 seconds.
72.9% complete. Top fitness: 0.992. Estimated time remaining: 0 seconds.
74.3% complete. Top fitness: 0.992. Estimated time remaining: 0 seconds.
75.7% complete. Top fitness: 0.992. Estimated time remaining: 0 seconds.
77.1% complete. Top fitness: 0.992. Estimated time remaining: 0 seconds.
78.6% complete. Top fitness: 0.992. Estimated time remaining: 0 seconds.
80% complete. Top fitness: 0.992. Estimated time remaining: 0 seconds.
81.4% complete. Top fitness: 0.992. Estimated time remaining: 0 seconds.
82.9% complete. Top fitness: 0.992. Estimated time remaining: 0 seconds.
84.3% complete. Top fitness: 0.992. Estimated time remaining: 0 seconds.
85.7% complete. Top fitness: 0.992. Estimated time remaining: 0 seconds.
87.1% complete. Top fitness: 0.992. Estimated time remaining: 0 seconds.
88.6% complete. Top fitness: 0.992. Estimated time remaining: 0 seconds.
90% complete. Top fitness: 0.992. Estimated time remaining: 0 seconds.
91.4% complete. Top fitness: 0.992. Estimated time remaining: 0 seconds.
92.9% complete. Top fitness: 0.992. Estimated time remaining: 0 seconds.
94.3% complete. Top fitness: 0.992. Estimated time remaining: 0 seconds.
95.7% complete. Top fitness: 0.992. Estimated time remaining: 0 seconds.
97.1% complete. Top fitness: 0.992. Estimated time remaining: 0 seconds.
98.6% complete. Top fitness: 0.992. Estimated time remaining: 0 seconds.
100% complete. Top fitness: 0.992. 
Total runtime (ms): 18156
{
"global_top": {
"score": 0.992375,
"num_pillars": 7,
"inlet": {
"widths" : [0.4, 0.2, 0.4],"material" : [0, 1, 0]},
"seq": [0.7632, -0.03998, 1, 0.7544, 0.01003, 1, 0.808, 0.002316, 1, 0.7487, 0.5319, 1, 0.803, -0.04574, 1, 0.754, 0.03628, 1, 0.6557, 0.01266, 1],
"indices": [27, 27, 27, 31, 27, 27, 19]
}
,
"per_pillar": [
{
"score": 0.7764,
"num_pillars": 1,
"inlet": {
"widths" : [0.4, 0.2, 0.4],"material" : [0, 1, 0]},
"seq": [0.8095, -0.02628, 1],
"indices": [27]
}
,
{
"score": 0.8185,
"num_pillars": 2,
"inlet": {
"widths" : [0.4, 0.2, 0.4],"material" : [0, 1, 0]},
"seq": [0.6578, 0.04662, 1, 0.6088, -0.01533, 1],
"indices": [19, 19]
}
,
{
"score": 0.8655,
"num_pillars": 3,
"inlet": {
"widths" : [0.4, 0.2, 0.4],"material" : [0, 1, 0]},
"seq": [0.801, -0.01283, 1, 0.8102, 0.01242, 1, 0.801, 0.01712, 1],
"indices": [27, 27, 27]
}
,
{
"score": 0.9201,
"num_pillars": 4,
"inlet": {
"widths" : [0.4, 0.2, 0.4],"material" : [0, 1, 0]},
"seq": [0.7773, -0.03199, 1, 0.6958, -0.02222, 1, 0.7646, -0.02938, 1, 0.756, 0.01804, 1],
"indices": [27, 27, 27, 27]
}
,
{
"score": 0.9756,
"num_pillars": 5,
"inlet": {
"widths" : [0.4, 0.2, 0.4],"material" : [0, 1, 0]},
"seq": [0.8121, -0.04978, 1, 0.7796, -0.01401, 1, 0.7079, 0.04664, 1, 0.7904, 0.04012, 1, 0.7275, 0.004777, 1],
"indices": [27, 27, 27, 27, 27]
}
,
{
"score": 0.9918,
"num_pillars": 6,
"inlet": {
"widths" : [0.4, 0.2, 0.4],"material" : [0, 1, 0]},
"seq": [0.7415, -0.02798, 1, 0.7243, -0.01775, 1, 0.7332, -0.02575, 1, 0.8072, -0.04381, 1, 0.3647, 0.004414, 1, 0.6709, -0.0393, 1],
"indices": [27, 27, 27, 27, 3, 19]
}
]}
job_name: dumbbell_1
