Starting FlowSculpt search.
Parallel pool initialized with 12 threads.
10% complete. Top fitness: 0.868. Estimating remaining time...
20% complete. Top fitness: 0.868. Estimating remaining time...
30% complete. Top fitness: 0.868. Estimated time remaining: 8 seconds.
40% complete. Top fitness: 0.868. Estimated time remaining: 7 seconds.
50% complete. Top fitness: 0.868. Estimated time remaining: 6 seconds.
60% complete. Top fitness: 0.868. Estimated time remaining: 5 seconds.
70% complete. Top fitness: 0.868. Estimated time remaining: 4 seconds.
80% complete. Top fitness: 0.868. Estimated time remaining: 3 seconds.
90% complete. Top fitness: 0.868. Estimated time remaining: 2 seconds.
100% complete. Top fitness: 0.868. 
Total runtime (ms): 12340
{
"global_top": {
"score": 0.8684,
"num_pillars": 3,
"inlet": {
"widths" : [0.4, 0.2, 0.4],"material" : [0, 1, 0]},
"seq": [0.7554, 0.01365, 1, 0.7444, 0.02408, 1, 0.8076, -0.04899, 1],
"indices": [27, 27, 27]
}
,
"per_pillar": [
]}
job_name: dumbbell_1
