Starting FlowSculpt search.
10% complete. Top fitness: 0.976. Estimating remaining time...
20% complete. Top fitness: 0.976. Estimating remaining time...
30% complete. Top fitness: 0.976. Estimated time remaining: 21 seconds.
40% complete. Top fitness: 0.976. Estimated time remaining: 18 seconds.
50% complete. Top fitness: 0.976. Estimated time remaining: 16 seconds.
60% complete. Top fitness: 0.976. Estimated time remaining: 13 seconds.
70% complete. Top fitness: 0.976. Estimated time remaining: 10 seconds.
80% complete. Top fitness: 0.976. Estimated time remaining: 7.5 seconds.
90% complete. Top fitness: 0.976. Estimated time remaining: 5.1 seconds.
100% complete. Top fitness: 0.976. 
Total runtime (ms): 30728
{
"global_top": {
"score": 0.9756,
"num_pillars": 5,
"inlet": {
"widths" : [0.4, 0.2, 0.4],"material" : [0, 1, 0]},
"seq": [0.7999, -0.02313, 1, 0.811, 0.009738, 1, 0.8115, 0.00426, 1, 0.7194, -0.01679, 1, 0.8092, -0.03147, 1],
"indices": [27, 27, 27, 27, 27]
}
,
"per_pillar": [
{
"score": 0.9756,
"num_pillars": 5,
"inlet": {
"widths" : [0.4, 0.2, 0.4],"material" : [0, 1, 0]},
"seq": [0.7999, -0.02313, 1, 0.811, 0.009738, 1, 0.8115, 0.00426, 1, 0.7194, -0.01679, 1, 0.8092, -0.03147, 1],
"indices": [27, 27, 27, 27, 27]
}
]}
job_name: dumbbell_1
