Starting FlowSculpt search.
Parallel pool initialized with 32 threads.
1.43% complete. Top fitness: 0.854. Estimating remaining time...
2.86% complete. Top fitness: 0.854. Estimating remaining time...
4.29% complete. Top fitness: 0.854. Estimated time remaining: 0 seconds.
5.71% complete. Top fitness: 0.854. Estimated time remaining: 0 seconds.
7.14% complete. Top fitness: 0.854. Estimated time remaining: 0 seconds.
8.57% complete. Top fitness: 0.854. Estimated time remaining: 0 seconds.
10% complete. Top fitness: 0.854. Estimated time remaining: 0 seconds.
11.4% complete. Top fitness: 0.854. Estimated time remaining: 0 seconds.
12.9% complete. Top fitness: 0.854. Estimated time remaining: 0 seconds.
14.3% complete. Top fitness: 0.854. Estimated time remaining: 0 seconds.
15.7% complete. Top fitness: 0.903. Estimated time remaining: 0 seconds.
17.1% complete. Top fitness: 0.903. Estimated time remaining: 0 seconds.
18.6% complete. Top fitness: 0.903. Estimated time remaining: 0 seconds.
20% complete. Top fitness: 0.903. Estimated time remaining: 0 seconds.
21.4% complete. Top fitness: 0.903. Estimated time remaining: 0 seconds.
22.9% complete. Top fitness: 0.903. Estimated time remaining: 0 seconds.
24.3% complete. Top fitness: 0.903. Estimated time remaining: 0 seconds.
25.7% complete. Top fitness: 0.903. Estimated time remaining: 0 seconds.
27.1% complete. Top fitness: 0.903. Estimated time remaining: 0 seconds.
28.6% complete. Top fitness: 0.903. Estimated time remaining: 0 seconds.
30% complete. Top fitness: 0.935. Estimated time remaining: 0 seconds.
31.4% complete. Top fitness: 0.935. Estimated time remaining: 0 seconds.
32.9% complete. Top fitness: 0.935. Estimated time remaining: 0 seconds.
34.3% complete. Top fitness: 0.935. Estimated time remaining: 0 seconds.
35.7% complete. Top fitness: 0.935. Estimated time remaining: 0 seconds.
37.1% complete. Top fitness: 0.935. Estimated time remaining: 0 seconds.
38.6% complete. Top fitness: 0.935. Estimated time remaining: 0 seconds.
40% complete. Top fitness: 0.935. Estimated time remaining: 0 seconds.
41.4% complete. Top fitness: 0.935. Estimated time remaining: 0 seconds.
42.9% complete. Top fitness: 0.935. Estimated time remaining: 0 seconds.
44.3% complete. Top fitness: 0.948. Estimated time remaining: 0 seconds.
45.7% complete. Top fitness: 0.948. Estimated time remaining: 0 seconds.
47.1% complete. Top fitness: 0.953. Estimated time remaining: 0 seconds.
48.6% complete. Top fitness: 0.953. Estimated time remaining: 0 seconds.
50% complete. Top fitness: 0.953. Estimated time remaining: 0 seconds.
51.4% complete. Top fitness: 0.953. Estimated time remaining: 0 seconds.
52.9% complete. Top fitness: 0.953. Estimated time remaining: 0 seconds.
54.3% complete. Top fitness: 0.953. Estimated time remaining: 0 seconds.
55.7% complete. Top fitness: 0.953. Estimated time remaining: 0 seconds.
57.1% complete. Top fitness: 0.953. Estimated time remaining: 0 seconds.
58.6% complete. Top fitness: 0.957. Estimated time remaining: 0 seconds.
60% complete. Top fitness: 0.969. Estimated time remaining: 0 seconds.
61.4% complete. Top fitness: 0.969. Estimated time remaining: 0 seconds.
62.9% complete. Top fitness: 0.969. Estimated time remaining: 0 seconds.
64.3% complete. Top fitness: 0.969. Estimated time remaining: 0 seconds.
65.7% complete. Top fitness: 0.969. Estimated time remaining: 0 seconds.
67.1% complete. Top fitness: 0.969. Estimated time remaining: 0 seconds.
68.6% complete. Top fitness: 0.969. Estimated time remaining: 0 seconds.
70% complete. Top fitness: 0.969. Estimated time remaining: 0 seconds.
71.4% complete. Top fitness: 0.969. Estimated time remaining: 0 seconds.
72.9% complete. Top fitness: 0.976. Estimated time remaining: 0 seconds.
74.3% complete. Top fitness: 0.976. Estimated time remaining: 0 seconds.
75.7% complete. Top fitness: 0.979. Estimated time remaining: 0 seconds.
77.1% complete. Top fitness: 0.979. Estimated time remaining: 0 seconds.
78.6% complete. Top fitness: 0.979. Estimated time remaining: 0 seconds.
80% complete. Top fitness: 0.979. Estimated time remaining: 0 seconds.
81.4% complete. Top fitness: 0.979. Estimated time remaining: 0 seconds.
82.9% complete. Top fitness: 0.979. Estimated time remaining: 0 seconds.
84.3% complete. Top fitness: 0.982. Estimated time remaining: 0 seconds.
85.7% complete. Top fitness: 0.982. Estimated time remaining: 0 seconds.
87.1% complete. Top fitness: 0.982. Estimated time remaining: 0 seconds.
88.6% complete. Top fitness: 0.986. Estimated time remaining: 0 seconds.
90% complete. Top fitness: 0.986. Estimated time remaining: 0 seconds.
91.4% complete. Top fitness: 0.986. Estimated time remaining: 0 seconds.
92.9% complete. Top fitness: 0.986. Estimated time remaining: 0 seconds.
94.3% complete. Top fitness: 0.986. Estimated time remaining: 0 seconds.
95.7% complete. Top fitness: 0.986. Estimated time remaining: 0 seconds.
97.1% complete. Top fitness: 0.986. Estimated time remaining: 0 seconds.
98.6% complete. Top fitness: 0.986. Estimated time remaining: 0 seconds.
100% complete. Top fitness: 0.986. 
Total runtime (ms): 17058
{
"global_top": {
"score": 0.986337,
"num_pillars": 7,
"inlet": {
"widths" : [0.4, 0.2, 0.4],"material" : [0, 1, 0]},
"seq": [0.6257, 0.02396, 1, 0.6459, -0.0244, 1, 0.6693, 0.0328, 1, 0.761, 0.2703, 1, 0.6578, 0.1719, 1, 0.7063, 0.2119, 1, 0.7224, -0.2566, 1],
"indices": [19, 19, 19, 29, 20, 29, 25]
}
,
"per_pillar": [
{
"score": 0.8538,
"num_pillars": 1,
"inlet": {
"widths" : [0.4, 0.2, 0.4],"material" : [0, 1, 0]},
"seq": [0.7509, 0.0306, 1],
"indices": [27]
}
,
{
"score": 0.9029,
"num_pillars": 2,
"inlet": {
"widths" : [0.4, 0.2, 0.4],"material" : [0, 1, 0]},
"seq": [0.7774, 0.02913, 1, 0.8031, 0.1537, 1],
"indices": [27, 28]
}
,
{
"score": 0.9348,
"num_pillars": 3,
"inlet": {
"widths" : [0.4, 0.2, 0.4],"material" : [0, 1, 0]},
"seq": [0.8032, 0.01387, 1, 0.7722, 0.02819, 1, 0.7883, 0.1465, 1],
"indices": [27, 27, 28]
}
,
{
"score": 0.9525,
"num_pillars": 4,
"inlet": {
"widths" : [0.4, 0.2, 0.4],"material" : [0, 1, 0]},
"seq": [0.7556, -0.03284, 1, 0.8115, -0.0474, 1, 0.7999, 0.1435, 1, 0.7519, 0.4947, 1],
"indices": [27, 27, 28, 31]
}
,
{
"score": 0.9689,
"num_pillars": 5,
"inlet": {
"widths" : [0.4, 0.2, 0.4],"material" : [0, 1, 0]},
"seq": [0.7064, 0.001729, 1, 0.7891, 0.02081, 1, 0.5088, 0.1171, 1, 0.7901, 0.1091, 1, 0.615, -0.4357, 1],
"indices": [27, 27, 12, 28, 16]
}
,
{
"score": 0.9825,
"num_pillars": 6,
"inlet": {
"widths" : [0.4, 0.2, 0.4],"material" : [0, 1, 0]},
"seq": [0.7363, 0.04684, 1, 0.7324, 0.01622, 1, 0.3897, 0.07998, 1, 0.4531, 0.1681, 1, 0.8125, 0.1756, 1, 0.7544, -0.4352, 1],
"indices": [27, 27, 4, 12, 28, 24]
}
]}
job_name: shift
