Starting FlowSculpt search.
10% complete. Top fitness: 0.815. Estimating remaining time...
20% complete. Top fitness: 0.815. Estimating remaining time...
30% complete. Top fitness: 0.815. Estimated time remaining: 11 seconds.
40% complete. Top fitness: 0.815. Estimated time remaining: 8.8 seconds.
50% complete. Top fitness: 0.815. Estimated time remaining: 7.2 seconds.
60% complete. Top fitness: 0.815. Estimated time remaining: 5.8 seconds.
70% complete. Top fitness: 0.815. Estimated time remaining: 4.6 seconds.
80% complete. Top fitness: 0.815. Estimated time remaining: 3.4 seconds.
90% complete. Top fitness: 0.815. Estimated time remaining: 2.2 seconds.
100% complete. Top fitness: 0.815. 
Total runtime (ms): 17845
{
"global_top": {
"score": 0.81455,
"num_pillars": 2,
"inlet": {
"widths" : [0.4, 0.2, 0.4],"material" : [0, 1, 0]},
"seq": [0.7227, -0.1742, 1, 0.7723, -0.1211, 1],
"indices": [26, 26]
}
,
"per_pillar": [
{
"score": 0.8145,
"num_pillars": 2,
"inlet": {
"widths" : [0.4, 0.2, 0.4],"material" : [0, 1, 0]},
"seq": [0.7227, -0.1742, 1, 0.7723, -0.1211, 1],
"indices": [26, 26]
}
]}
job_name: encapsulate
