Starting FlowSculpt search.
Parallel pool initialized with 12 threads.
10% complete. Top fitness: 0.977. Estimating remaining time...
20% complete. Top fitness: 0.983. Estimating remaining time...
30% complete. Top fitness: 0.986. Estimated time remaining: 16 seconds.
40% complete. Top fitness: 0.986. Estimated time remaining: 14 seconds.
50% complete. Top fitness: 0.986. Estimated time remaining: 13 seconds.
60% complete. Top fitness: 0.986. Estimated time remaining: 11 seconds.
70% complete. Top fitness: 0.987. Estimated time remaining: 8.6 seconds.
80% complete. Top fitness: 0.987. Estimated time remaining: 6.4 seconds.
90% complete. Top fitness: 0.987. Estimated time remaining: 4.4 seconds.
100% complete. Top fitness: 0.987. 
Total runtime (ms): 27473
{
"global_top": {
"score": 0.986762,
"num_pillars": 7,
"inlet": {
"widths" : [0.4, 0.2, 0.4],"material" : [0, 1, 0]},
"seq": [0.7973, 0.02437, 1, 0.8125, -0.03207, 1, 0.3349, 0.1488, 1, 0.3215, 0.102, 1, 0.7758, 0.1304, 1, 0.6382, 0.4724, 1, 0.4046, -0.4099, 1],
"indices": [27, 27, 4, 4, 28, 23, 0]
}
,
"per_pillar": [
]}
job_name: shift
