Starting FlowSculpt search.
Parallel pool initialized with 12 threads.
10% complete. Top fitness: 0.856. Estimating remaining time...
20% complete. Top fitness: 0.856. Estimating remaining time...
30% complete. Top fitness: 0.856. Estimated time remaining: 8 seconds.
40% complete. Top fitness: 0.856. Estimated time remaining: 7 seconds.
50% complete. Top fitness: 0.856. Estimated time remaining: 6 seconds.
60% complete. Top fitness: 0.856. Estimated time remaining: 5 seconds.
70% complete. Top fitness: 0.856. Estimated time remaining: 4 seconds.
80% complete. Top fitness: 0.856. Estimated time remaining: 3 seconds.
90% complete. Top fitness: 0.856. Estimated time remaining: 2 seconds.
100% complete. Top fitness: 0.856. 
Total runtime (ms): 13017
{
"global_top": {
"score": 0.855862,
"num_pillars": 4,
"inlet": {
"widths" : [0.4, 0.2, 0.4],"material" : [0, 1, 0]},
"seq": [0.5782, 0.009709, 1, 0.6306, 0.01894, 1, 0.6124, -0.002744, 1, 0.6308, -0.01013, 1],
"indices": [19, 19, 19, 19]
}
,
"per_pillar": [
]}
job_name: split
