Starting FlowSculpt search.
Parallel pool initialized with 12 threads.
10% complete. Top fitness: 0.908. Estimating remaining time...
20% complete. Top fitness: 0.908. Estimating remaining time...
30% complete. Top fitness: 0.908. Estimated time remaining: 8 seconds.
40% complete. Top fitness: 0.908. Estimated time remaining: 7 seconds.
50% complete. Top fitness: 0.908. Estimated time remaining: 6 seconds.
60% complete. Top fitness: 0.908. Estimated time remaining: 5 seconds.
70% complete. Top fitness: 0.908. Estimated time remaining: 4 seconds.
80% complete. Top fitness: 0.908. Estimated time remaining: 3 seconds.
90% complete. Top fitness: 0.908. Estimated time remaining: 2 seconds.
100% complete. Top fitness: 0.908. 
Total runtime (ms): 14764
{
"global_top": {
"score": 0.908025,
"num_pillars": 5,
"inlet": {
"widths" : [0.4, 0.2, 0.4],"material" : [0, 1, 0]},
"seq": [0.5706, 0.005901, 1, 0.6648, -0.003138, 1, 0.6064, 0.001347, 1, 0.6495, -0.01178, 1, 0.7339, -0.05404, 1],
"indices": [19, 19, 19, 19, 27]
}
,
"per_pillar": [
]}
job_name: dummbell_2
