Starting FlowSculpt search.
Parallel pool initialized with 12 threads.
10% complete. Top fitness: 0.907. Estimating remaining time...
20% complete. Top fitness: 0.907. Estimating remaining time...
30% complete. Top fitness: 0.907. Estimated time remaining: 8 seconds.
40% complete. Top fitness: 0.907. Estimated time remaining: 7 seconds.
50% complete. Top fitness: 0.944. Estimated time remaining: 6 seconds.
60% complete. Top fitness: 0.944. Estimated time remaining: 5 seconds.
70% complete. Top fitness: 0.944. Estimated time remaining: 4 seconds.
80% complete. Top fitness: 0.944. Estimated time remaining: 3 seconds.
90% complete. Top fitness: 0.944. Estimated time remaining: 2 seconds.
100% complete. Top fitness: 0.944. 
Total runtime (ms): 12911
{
"global_top": {
"score": 0.944037,
"num_pillars": 3,
"inlet": {
"widths" : [0.4, 0.2, 0.4],"material" : [0, 1, 0]},
"seq": [0.8118, 0.1533, 1, 0.8011, 0.08019, 1, 0.8025, 0.118, 1],
"indices": [28, 28, 28]
}
,
"per_pillar": [
]}
job_name: encapsulate
