Starting FlowSculpt search.
Parallel pool initialized with 32 threads.
1.43% complete. Top fitness: 0.715. Estimating remaining time...
2.86% complete. Top fitness: 0.715. Estimating remaining time...
4.29% complete. Top fitness: 0.715. Estimated time remaining: 0 seconds.
5.71% complete. Top fitness: 0.715. Estimated time remaining: 0 seconds.
7.14% complete. Top fitness: 0.715. Estimated time remaining: 0 seconds.
8.57% complete. Top fitness: 0.715. Estimated time remaining: 0 seconds.
10% complete. Top fitness: 0.715. Estimated time remaining: 0 seconds.
11.4% complete. Top fitness: 0.715. Estimated time remaining: 0 seconds.
12.9% complete. Top fitness: 0.715. Estimated time remaining: 0 seconds.
14.3% complete. Top fitness: 0.715. Estimated time remaining: 0 seconds.
15.7% complete. Top fitness: 0.815. Estimated time remaining: 0 seconds.
17.1% complete. Top fitness: 0.815. Estimated time remaining: 0 seconds.
18.6% complete. Top fitness: 0.815. Estimated time remaining: 0 seconds.
20% complete. Top fitness: 0.815. Estimated time remaining: 0 seconds.
21.4% complete. Top fitness: 0.815. Estimated time remaining: 0 seconds.
22.9% complete. Top fitness: 0.815. Estimated time remaining: 0 seconds.
24.3% complete. Top fitness: 0.815. Estimated time remaining: 0 seconds.
25.7% complete. Top fitness: 0.815. Estimated time remaining: 0 seconds.
27.1% complete. Top fitness: 0.815. Estimated time remaining: 0 seconds.
28.6% complete. Top fitness: 0.815. Estimated time remaining: 0 seconds.
30% complete. Top fitness: 0.891. Estimated time remaining: 0 seconds.
31.4% complete. Top fitness: 0.891. Estimated time remaining: 0 seconds.
32.9% complete. Top fitness: 0.937. Estimated time remaining: 0 seconds.
34.3% complete. Top fitness: 0.937. Estimated time remaining: 0 seconds.
35.7% complete. Top fitness: 0.937. Estimated time remaining: 0 seconds.
37.1% complete. Top fitness: 0.937. Estimated time remaining: 0 seconds.
38.6% complete. Top fitness: 0.937. Estimated time remaining: 0 seconds.
40% complete. Top fitness: 0.937. Estimated time remaining: 0 seconds.
41.4% complete. Top fitness: 0.937. Estimated time remaining: 0 seconds.
42.9% complete. Top fitness: 0.937. Estimated time remaining: 0 seconds.
44.3% complete. Top fitness: 0.937. Estimated time remaining: 0 seconds.
45.7% complete. Top fitness: 0.937. Estimated time remaining: 0 seconds.
47.1% complete. Top fitness: 0.937. Estimated time remaining: 0 seconds.
48.6% complete. Top fitness: 0.937. Estimated time remaining: 0 seconds.
50% complete. Top fitness: 0.937. Estimated time remaining: 0 seconds.
51.4% complete. Top fitness: 0.937. Estimated time remaining: 0 seconds.
52.9% complete. Top fitness: 0.937. Estimated time remaining: 0 seconds.
54.3% complete. Top fitness: 0.937. Estimated time remaining: 0 seconds.
55.7% complete. Top fitness: 0.937. Estimated time remaining: 0 seconds.
57.1% complete. Top fitness: 0.937. Estimated time remaining: 0 seconds.
58.6% complete. Top fitness: 0.937. Estimated time remaining: 0 seconds.
60% complete. Top fitness: 0.939. Estimated time remaining: 0 seconds.
61.4% complete. Top fitness: 0.939. Estimated time remaining: 0 seconds.
62.9% complete. Top fitness: 0.939. Estimated time remaining: 0 seconds.
64.3% complete. Top fitness: 0.939. Estimated time remaining: 0 seconds.
65.7% complete. Top fitness: 0.939. Estimated time remaining: 0 seconds.
67.1% complete. Top fitness: 0.956. Estimated time remaining: 0 seconds.
68.6% complete. Top fitness: 0.956. Estimated time remaining: 0 seconds.
70% complete. Top fitness: 0.956. Estimated time remaining: 0 seconds.
71.4% complete. Top fitness: 0.956. Estimated time remaining: 0 seconds.
72.9% complete. Top fitness: 0.956. Estimated time remaining: 0 seconds.
74.3% complete. Top fitness: 0.956. Estimated time remaining: 0 seconds.
75.7% complete. Top fitness: 0.956. Estimated time remaining: 0 seconds.
77.1% complete. Top fitness: 0.956. Estimated time remaining: 0 seconds.
78.6% complete. Top fitness: 0.956. Estimated time remaining: 0 seconds.
80% complete. Top fitness: 0.956. Estimated time remaining: 0 seconds.
81.4% complete. Top fitness: 0.956. Estimated time remaining: 0 seconds.
82.9% complete. Top fitness: 0.956. Estimated time remaining: 0 seconds.
84.3% complete. Top fitness: 0.956. Estimated time remaining: 0 seconds.
85.7% complete. Top fitness: 0.956. Estimated time remaining: 0 seconds.
87.1% complete. Top fitness: 0.956. Estimated time remaining: 0 seconds.
88.6% complete. Top fitness: 0.956. Estimated time remaining: 0 seconds.
90% complete. Top fitness: 0.956. Estimated time remaining: 0 seconds.
91.4% complete. Top fitness: 0.956. Estimated time remaining: 0 seconds.
92.9% complete. Top fitness: 0.956. Estimated time remaining: 0 seconds.
94.3% complete. Top fitness: 0.956. Estimated time remaining: 0 seconds.
95.7% complete. Top fitness: 0.956. Estimated time remaining: 0 seconds.
97.1% complete. Top fitness: 0.956. Estimated time remaining: 0 seconds.
98.6% complete. Top fitness: 0.956. Estimated time remaining: 0 seconds.
100% complete. Top fitness: 0.956. 
Total runtime (ms): 16403
{
"global_top": {
"score": 0.956125,
"num_pillars": 5,
"inlet": {
"widths" : [0.4, 0.2, 0.4],"material" : [0, 1, 0]},
"seq": [0.8125, 0.2988, 1, 0.7197, 0.2646, 1, 0.7691, 0.1673, 1, 0.3481, -0.0201, 1, 0.7167, 0.1539, 1],
"indices": [29, 29, 28, 3, 28]
}
,
"per_pillar": [
{
"score": 0.7147,
"num_pillars": 1,
"inlet": {
"widths" : [0.4, 0.2, 0.4],"material" : [0, 1, 0]},
"seq": [0.8034, -0.01695, 1],
"indices": [27]
}
,
{
"score": 0.8145,
"num_pillars": 2,
"inlet": {
"widths" : [0.4, 0.2, 0.4],"material" : [0, 1, 0]},
"seq": [0.7964, -0.1653, 1, 0.7722, -0.1465, 1],
"indices": [26, 26]
}
,
{
"score": 0.9372,
"num_pillars": 3,
"inlet": {
"widths" : [0.4, 0.2, 0.4],"material" : [0, 1, 0]},
"seq": [0.7105, 0.1366, 1, 0.7635, 0.1137, 1, 0.8098, 0.1207, 1],
"indices": [28, 28, 28]
}
,
{
"score": 0.9368,
"num_pillars": 4,
"inlet": {
"widths" : [0.4, 0.2, 0.4],"material" : [0, 1, 0]},
"seq": [0.3135, 0.4258, 1, 0.8003, 0.1399, 1, 0.7938, 0.1154, 1, 0.7754, 0.1654, 1],
"indices": [6, 28, 28, 28]
}
,
{
"score": 0.9561,
"num_pillars": 5,
"inlet": {
"widths" : [0.4, 0.2, 0.4],"material" : [0, 1, 0]},
"seq": [0.8125, 0.2988, 1, 0.7197, 0.2646, 1, 0.7691, 0.1673, 1, 0.3481, -0.0201, 1, 0.7167, 0.1539, 1],
"indices": [29, 29, 28, 3, 28]
}
,
{
"score": 0.9444,
"num_pillars": 6,
"inlet": {
"widths" : [0.4, 0.2, 0.4],"material" : [0, 1, 0]},
"seq": [0.7962, 0.2392, 1, 0.3185, 0.03921, 1, 0.6295, 0.2345, 1, 0.382, 0.4072, 1, 0.796, 0.1203, 1, 0.8022, 0.1765, 1],
"indices": [29, 3, 21, 6, 28, 28]
}
]}
job_name: encapsulate
