Starting FlowSculpt search.
10% complete. Top fitness: 0.92. Estimating remaining time...
20% complete. Top fitness: 0.92. Estimating remaining time...
30% complete. Top fitness: 0.92. Estimated time remaining: 16 seconds.
40% complete. Top fitness: 0.92. Estimated time remaining: 14 seconds.
50% complete. Top fitness: 0.92. Estimated time remaining: 12 seconds.
60% complete. Top fitness: 0.92. Estimated time remaining: 10 seconds.
70% complete. Top fitness: 0.92. Estimated time remaining: 8 seconds.
80% complete. Top fitness: 0.92. Estimated time remaining: 6 seconds.
90% complete. Top fitness: 0.92. Estimated time remaining: 4 seconds.
100% complete. Top fitness: 0.92. 
Total runtime (ms): 26475
{
"global_top": {
"score": 0.920063,
"num_pillars": 4,
"inlet": {
"widths" : [0.4, 0.2, 0.4],"material" : [0, 1, 0]},
"seq": [0.7805, 0.04555, 1, 0.758, -0.008895, 1, 0.742, -0.0004826, 1, 0.7767, -0.03784, 1],
"indices": [27, 27, 27, 27]
}
,
"per_pillar": [
{
"score": 0.9201,
"num_pillars": 4,
"inlet": {
"widths" : [0.4, 0.2, 0.4],"material" : [0, 1, 0]},
"seq": [0.7805, 0.04555, 1, 0.758, -0.008895, 1, 0.742, -0.0004826, 1, 0.7767, -0.03784, 1],
"indices": [27, 27, 27, 27]
}
]}
job_name: dumbbell_1
