Starting FlowSculpt search.
10% complete. Top fitness: 0.986. Estimating remaining time...
20% complete. Top fitness: 0.989. Estimating remaining time...
30% complete. Top fitness: 0.989. Estimated time remaining: 37 seconds.
40% complete. Top fitness: 0.989. Estimated time remaining: 37 seconds.
50% complete. Top fitness: 0.989. Estimated time remaining: 31 seconds.
60% complete. Top fitness: 0.989. Estimated time remaining: 24 seconds.
70% complete. Top fitness: 0.989. Estimated time remaining: 18 seconds.
80% complete. Top fitness: 0.989. Estimated time remaining: 13 seconds.
90% complete. Top fitness: 0.989. Estimated time remaining: 8.7 seconds.
100% complete. Top fitness: 0.989. 
Total runtime (ms): 50536
{
"global_top": {
"score": 0.9887,
"num_pillars": 7,
"inlet": {
"widths" : [0.4, 0.2, 0.4],"material" : [0, 1, 0]},
"seq": [0.4001, -0.04772, 1, 0.6262, 0.0005932, 1, 0.3295, 0.5625, 1, 0.3163, 0.1433, 1, 0.3595, -0.1457, 1, 0.3454, -0.07288, 1, 0.3371, 0.09388, 1],
"indices": [3, 19, 7, 4, 2, 2, 4]
}
,
"per_pillar": [
{
"score": 0.9887,
"num_pillars": 7,
"inlet": {
"widths" : [0.4, 0.2, 0.4],"material" : [0, 1, 0]},
"seq": [0.4001, -0.04772, 1, 0.6262, 0.0005932, 1, 0.3295, 0.5625, 1, 0.3163, 0.1433, 1, 0.3595, -0.1457, 1, 0.3454, -0.07288, 1, 0.3371, 0.09388, 1],
"indices": [3, 19, 7, 4, 2, 2, 4]
}
]}
job_name: add_vertex
