Starting FlowSculpt search.
Parallel pool initialized with 12 threads.
10% complete. Top fitness: 0.962. Estimating remaining time...
20% complete. Top fitness: 0.962. Estimating remaining time...
30% complete. Top fitness: 0.962. Estimated time remaining: 16 seconds.
40% complete. Top fitness: 0.962. Estimated time remaining: 14 seconds.
50% complete. Top fitness: 0.964. Estimated time remaining: 12 seconds.
60% complete. Top fitness: 0.964. Estimated time remaining: 10 seconds.
70% complete. Top fitness: 0.964. Estimated time remaining: 8 seconds.
80% complete. Top fitness: 0.964. Estimated time remaining: 6.4 seconds.
90% complete. Top fitness: 0.983. Estimated time remaining: 4.4 seconds.
100% complete. Top fitness: 0.983. 
Total runtime (ms): 24179
{
"global_top": {
"score": 0.982812,
"num_pillars": 7,
"inlet": {
"widths" : [0.4, 0.2, 0.4],"material" : [0, 1, 0]},
"seq": [0.7735, 0.07358, 1, 0.6743, 0.4222, 1, 0.7806, -0.1641, 1, 0.4457, -0.3862, 1, 0.5674, 0.5511, 1, 0.3547, 0.5625, 1, 0.4841, 0.5552, 1],
"indices": [28, 22, 26, 8, 23, 7, 15]
}
,
"per_pillar": [
]}
job_name: test_3
