Starting FlowSculpt search.
10% complete. Top fitness: 0.979. Estimating remaining time...
20% complete. Top fitness: 0.987. Estimating remaining time...
30% complete. Top fitness: 0.987. Estimated time remaining: 29 seconds.
40% complete. Top fitness: 0.987. Estimated time remaining: 24 seconds.
50% complete. Top fitness: 0.987. Estimated time remaining: 20 seconds.
60% complete. Top fitness: 0.987. Estimated time remaining: 18 seconds.
70% complete. Top fitness: 0.987. Estimated time remaining: 14 seconds.
80% complete. Top fitness: 0.989. Estimated time remaining: 11 seconds.
90% complete. Top fitness: 0.989. Estimated time remaining: 7.3 seconds.
100% complete. Top fitness: 0.989. 
Total runtime (ms): 39984
{
"global_top": {
"score": 0.988613,
"num_pillars": 6,
"inlet": {
"widths" : [0.4, 0.2, 0.4],"material" : [0, 1, 0]},
"seq": [0.3125, 0.05484, 1, 0.6329, -0.03548, 1, 0.3924, 0.1046, 1, 0.367, -0.0873, 1, 0.3949, -0.1608, 1, 0.3354, 0.1019, 1],
"indices": [3, 19, 4, 2, 2, 4]
}
,
"per_pillar": [
{
"score": 0.9886,
"num_pillars": 6,
"inlet": {
"widths" : [0.4, 0.2, 0.4],"material" : [0, 1, 0]},
"seq": [0.3125, 0.05484, 1, 0.6329, -0.03548, 1, 0.3924, 0.1046, 1, 0.367, -0.0873, 1, 0.3949, -0.1608, 1, 0.3354, 0.1019, 1],
"indices": [3, 19, 4, 2, 2, 4]
}
]}
job_name: add_vertex
