Starting FlowSculpt search.
Parallel pool initialized with 12 threads.
10% complete. Top fitness: 0.927. Estimating remaining time...
20% complete. Top fitness: 0.932. Estimating remaining time...
30% complete. Top fitness: 0.933. Estimated time remaining: 13 seconds.
40% complete. Top fitness: 0.933. Estimated time remaining: 10 seconds.
50% complete. Top fitness: 0.933. Estimated time remaining: 8.4 seconds.
60% complete. Top fitness: 0.933. Estimated time remaining: 6.7 seconds.
70% complete. Top fitness: 0.942. Estimated time remaining: 5.1 seconds.
80% complete. Top fitness: 0.942. Estimated time remaining: 4.1 seconds.
90% complete. Top fitness: 0.961. Estimated time remaining: 3.8 seconds.
100% complete. Top fitness: 0.961. 
Total runtime (ms): 26290
{
"global_top": {
"score": 0.961037,
"num_pillars": 6,
"inlet": {
"widths" : [0.4, 0.2, 0.4],"material" : [0, 1, 0]},
"seq": [0.7731, 0.5098, 1, 0.8013, 0.1507, 1, 0.8024, 0.1987, 1, 0.4871, -0.03589, 1, 0.7584, 0.2588, 1, 0.8122, 0.1156, 1],
"indices": [31, 28, 29, 11, 29, 28]
}
,
"per_pillar": [
]}
job_name: encapsulate
