Starting FlowSculpt search.
Parallel pool initialized with 32 threads.
1.43% complete. Top fitness: 0.781. Estimating remaining time...
2.86% complete. Top fitness: 0.781. Estimating remaining time...
4.29% complete. Top fitness: 0.781. Estimated time remaining: 0 seconds.
5.71% complete. Top fitness: 0.781. Estimated time remaining: 0 seconds.
7.14% complete. Top fitness: 0.781. Estimated time remaining: 0 seconds.
8.57% complete. Top fitness: 0.781. Estimated time remaining: 0 seconds.
10% complete. Top fitness: 0.781. Estimated time remaining: 0 seconds.
11.4% complete. Top fitness: 0.781. Estimated time remaining: 0 seconds.
12.9% complete. Top fitness: 0.781. Estimated time remaining: 0 seconds.
14.3% complete. Top fitness: 0.781. Estimated time remaining: 0 seconds.
15.7% complete. Top fitness: 0.814. Estimated time remaining: 0 seconds.
17.1% complete. Top fitness: 0.814. Estimated time remaining: 0 seconds.
18.6% complete. Top fitness: 0.814. Estimated time remaining: 0 seconds.
20% complete. Top fitness: 0.814. Estimated time remaining: 0 seconds.
21.4% complete. Top fitness: 0.814. Estimated time remaining: 0 seconds.
22.9% complete. Top fitness: 0.814. Estimated time remaining: 0 seconds.
24.3% complete. Top fitness: 0.814. Estimated time remaining: 0 seconds.
25.7% complete. Top fitness: 0.814. Estimated time remaining: 0 seconds.
27.1% complete. Top fitness: 0.814. Estimated time remaining: 0 seconds.
28.6% complete. Top fitness: 0.814. Estimated time remaining: 0 seconds.
30% complete. Top fitness: 0.843. Estimated time remaining: 0 seconds.
31.4% complete. Top fitness: 0.843. Estimated time remaining: 0 seconds.
32.9% complete. Top fitness: 0.843. Estimated time remaining: 0 seconds.
34.3% complete. Top fitness: 0.843. Estimated time remaining: 0 seconds.
35.7% complete. Top fitness: 0.843. Estimated time remaining: 0 seconds.
37.1% complete. Top fitness: 0.843. Estimated time remaining: 0 seconds.
38.6% complete. Top fitness: 0.843. Estimated time remaining: 0 seconds.
40% complete. Top fitness: 0.843. Estimated time remaining: 0 seconds.
41.4% complete. Top fitness: 0.843. Estimated time remaining: 0 seconds.
42.9% complete. Top fitness: 0.843. Estimated time remaining: 0 seconds.
44.3% complete. Top fitness: 0.873. Estimated time remaining: 0 seconds.
45.7% complete. Top fitness: 0.873. Estimated time remaining: 0 seconds.
47.1% complete. Top fitness: 0.873. Estimated time remaining: 0 seconds.
48.6% complete. Top fitness: 0.873. Estimated time remaining: 0 seconds.
50% complete. Top fitness: 0.873. Estimated time remaining: 0 seconds.
51.4% complete. Top fitness: 0.873. Estimated time remaining: 0 seconds.
52.9% complete. Top fitness: 0.873. Estimated time remaining: 0 seconds.
54.3% complete. Top fitness: 0.873. Estimated time remaining: 0 seconds.
55.7% complete. Top fitness: 0.873. Estimated time remaining: 0 seconds.
57.1% complete. Top fitness: 0.873. Estimated time remaining: 0 seconds.
58.6% complete. Top fitness: 0.905. Estimated time remaining: 0 seconds.
60% complete. Top fitness: 0.905. Estimated time remaining: 0 seconds.
61.4% complete. Top fitness: 0.905. Estimated time remaining: 0 seconds.
62.9% complete. Top fitness: 0.905. Estimated time remaining: 0 seconds.
64.3% complete. Top fitness: 0.905. Estimated time remaining: 0 seconds.
65.7% complete. Top fitness: 0.905. Estimated time remaining: 0 seconds.
67.1% complete. Top fitness: 0.905. Estimated time remaining: 0 seconds.
68.6% complete. Top fitness: 0.905. Estimated time remaining: 0 seconds.
70% complete. Top fitness: 0.905. Estimated time remaining: 0 seconds.
71.4% complete. Top fitness: 0.905. Estimated time remaining: 0 seconds.
72.9% complete. Top fitness: 0.943. Estimated time remaining: 0 seconds.
74.3% complete. Top fitness: 0.943. Estimated time remaining: 0 seconds.
75.7% complete. Top fitness: 0.943. Estimated time remaining: 0 seconds.
77.1% complete. Top fitness: 0.943. Estimated time remaining: 0 seconds.
78.6% complete. Top fitness: 0.943. Estimated time remaining: 0 seconds.
80% complete. Top fitness: 0.943. Estimated time remaining: 0 seconds.
81.4% complete. Top fitness: 0.943. Estimated time remaining: 0 seconds.
82.9% complete. Top fitness: 0.943. Estimated time remaining: 0 seconds.
84.3% complete. Top fitness: 0.943. Estimated time remaining: 0 seconds.
85.7% complete. Top fitness: 0.943. Estimated time remaining: 0 seconds.
87.1% complete. Top fitness: 0.966. Estimated time remaining: 0 seconds.
88.6% complete. Top fitness: 0.966. Estimated time remaining: 0 seconds.
90% complete. Top fitness: 0.966. Estimated time remaining: 0 seconds.
91.4% complete. Top fitness: 0.966. Estimated time remaining: 0 seconds.
92.9% complete. Top fitness: 0.966. Estimated time remaining: 0 seconds.
94.3% complete. Top fitness: 0.966. Estimated time remaining: 0 seconds.
95.7% complete. Top fitness: 0.966. Estimated time remaining: 0 seconds.
97.1% complete. Top fitness: 0.966. Estimated time remaining: 0 seconds.
98.6% complete. Top fitness: 0.966. Estimated time remaining: 0 seconds.
100% complete. Top fitness: 0.966. 
Total runtime (ms): 14703
{
"global_top": {
"score": 0.965912,
"num_pillars": 7,
"inlet": {
"widths" : [0.4, 0.2, 0.4],"material" : [0, 1, 0]},
"seq": [0.6738, -0.01802, 1, 0.4991, 0.02365, 1, 0.6738, 0.03071, 1, 0.7112, -0.02716, 1, 0.8097, 0.009622, 1, 0.7304, -0.009091, 1, 0.7751, 0.01168, 1],
"indices": [19, 11, 19, 27, 27, 27, 27]
}
,
"per_pillar": [
{
"score": 0.7806,
"num_pillars": 1,
"inlet": {
"widths" : [0.4, 0.2, 0.4],"material" : [0, 1, 0]},
"seq": [0.746, -0.008939, 1],
"indices": [27]
}
,
{
"score": 0.8136,
"num_pillars": 2,
"inlet": {
"widths" : [0.4, 0.2, 0.4],"material" : [0, 1, 0]},
"seq": [0.6559, 0.04364, 1, 0.6378, -0.00409, 1],
"indices": [19, 19]
}
,
{
"score": 0.8426,
"num_pillars": 3,
"inlet": {
"widths" : [0.4, 0.2, 0.4],"material" : [0, 1, 0]},
"seq": [0.6149, 0.001499, 1, 0.662, -0.005608, 1, 0.6379, 0.0259, 1],
"indices": [19, 19, 19]
}
,
{
"score": 0.8734,
"num_pillars": 4,
"inlet": {
"widths" : [0.4, 0.2, 0.4],"material" : [0, 1, 0]},
"seq": [0.6037, -0.03814, 1, 0.6126, -0.0214, 1, 0.6, -0.05463, 1, 0.6086, -0.01728, 1],
"indices": [19, 19, 19, 19]
}
,
{
"score": 0.9055,
"num_pillars": 5,
"inlet": {
"widths" : [0.4, 0.2, 0.4],"material" : [0, 1, 0]},
"seq": [0.5864, 0.01342, 1, 0.5975, -0.02573, 1, 0.6405, -0.02559, 1, 0.5881, 0.00499, 1, 0.7791, -0.00533, 1],
"indices": [19, 19, 19, 19, 27]
}
,
{
"score": 0.9427,
"num_pillars": 6,
"inlet": {
"widths" : [0.4, 0.2, 0.4],"material" : [0, 1, 0]},
"seq": [0.6182, 0.01927, 1, 0.6482, -0.04952, 1, 0.6319, -0.01828, 1, 0.7134, -0.03614, 1, 0.7837, 0.04332, 1, 0.7854, 0.02152, 1],
"indices": [19, 19, 19, 27, 27, 27]
}
]}
job_name: dumbbell_2
