Starting FlowSculpt search.
10% complete. Top fitness: 0.979. Estimating remaining time...
20% complete. Top fitness: 0.979. Estimating remaining time...
30% complete. Top fitness: 0.979. Estimated time remaining: 11 seconds.
40% complete. Top fitness: 0.979. Estimated time remaining: 10 seconds.
50% complete. Top fitness: 0.979. Estimated time remaining: 9.6 seconds.
60% complete. Top fitness: 0.979. Estimated time remaining: 8.3 seconds.
70% complete. Top fitness: 0.979. Estimated time remaining: 7.4 seconds.
80% complete. Top fitness: 0.979. Estimated time remaining: 5.6 seconds.
90% complete. Top fitness: 0.979. Estimated time remaining: 3.8 seconds.
100% complete. Top fitness: 0.979. 
Total runtime (ms): 22726
{
"global_top": {
"score": 0.979125,
"num_pillars": 3,
"inlet": {
"widths" : [0.4, 0.2, 0.4],"material" : [0, 1, 0]},
"seq": [0.4841, -0.04049, 1, 0.3981, 0.04903, 1, 0.3262, -0.01809, 1],
"indices": [11, 3, 3]
}
,
"per_pillar": [
{
"score": 0.9791,
"num_pillars": 3,
"inlet": {
"widths" : [0.4, 0.2, 0.4],"material" : [0, 1, 0]},
"seq": [0.4841, -0.04049, 1, 0.3981, 0.04903, 1, 0.3262, -0.01809, 1],
"indices": [11, 3, 3]
}
]}
job_name: add_vertex
