Starting FlowSculpt search.
10% complete. Top fitness: 0.955. Estimating remaining time...
20% complete. Top fitness: 0.955. Estimating remaining time...
30% complete. Top fitness: 0.955. Estimated time remaining: 27 seconds.
40% complete. Top fitness: 0.955. Estimated time remaining: 23 seconds.
50% complete. Top fitness: 0.955. Estimated time remaining: 19 seconds.
60% complete. Top fitness: 0.955. Estimated time remaining: 16 seconds.
70% complete. Top fitness: 0.955. Estimated time remaining: 13 seconds.
80% complete. Top fitness: 0.955. Estimated time remaining: 9.4 seconds.
90% complete. Top fitness: 0.955. Estimated time remaining: 6.2 seconds.
100% complete. Top fitness: 0.955. 
Total runtime (ms): 36831
{
"global_top": {
"score": 0.9546,
"num_pillars": 6,
"inlet": {
"widths" : [0.4, 0.2, 0.4],"material" : [0, 1, 0]},
"seq": [0.7702, 0.01146, 1, 0.7483, 0.009371, 1, 0.7385, 0.02631, 1, 0.8111, 0.02321, 1, 0.8071, 0.002095, 1, 0.7724, 0.02602, 1],
"indices": [27, 27, 27, 27, 27, 27]
}
,
"per_pillar": [
{
"score": 0.9546,
"num_pillars": 6,
"inlet": {
"widths" : [0.4, 0.2, 0.4],"material" : [0, 1, 0]},
"seq": [0.7702, 0.01146, 1, 0.7483, 0.009371, 1, 0.7385, 0.02631, 1, 0.8111, 0.02321, 1, 0.8071, 0.002095, 1, 0.7724, 0.02602, 1],
"indices": [27, 27, 27, 27, 27, 27]
}
]}
job_name: split
