Starting FlowSculpt search.
10% complete. Top fitness: 0.865. Estimating remaining time...
20% complete. Top fitness: 0.865. Estimating remaining time...
30% complete. Top fitness: 0.865. Estimated time remaining: 16 seconds.
40% complete. Top fitness: 0.865. Estimated time remaining: 12 seconds.
50% complete. Top fitness: 0.865. Estimated time remaining: 11 seconds.
60% complete. Top fitness: 0.865. Estimated time remaining: 9.2 seconds.
70% complete. Top fitness: 0.865. Estimated time remaining: 7.4 seconds.
80% complete. Top fitness: 0.865. Estimated time remaining: 5.6 seconds.
90% complete. Top fitness: 0.865. Estimated time remaining: 3.8 seconds.
100% complete. Top fitness: 0.865. 
Total runtime (ms): 21120
{
"global_top": {
"score": 0.86545,
"num_pillars": 3,
"inlet": {
"widths" : [0.4, 0.2, 0.4],"material" : [0, 1, 0]},
"seq": [0.7266, 0.01133, 1, 0.7483, -0.0196, 1, 0.7989, -0.03566, 1],
"indices": [27, 27, 27]
}
,
"per_pillar": [
{
"score": 0.8655,
"num_pillars": 3,
"inlet": {
"widths" : [0.4, 0.2, 0.4],"material" : [0, 1, 0]},
"seq": [0.7266, 0.01133, 1, 0.7483, -0.0196, 1, 0.7989, -0.03566, 1],
"indices": [27, 27, 27]
}
]}
job_name: dumbbell_1
