Starting FlowSculpt search.
Parallel pool initialized with 12 threads.
10% complete. Top fitness: 0.906. Estimating remaining time...
20% complete. Top fitness: 0.906. Estimating remaining time...
30% complete. Top fitness: 0.906. Estimated time remaining: 8 seconds.
40% complete. Top fitness: 0.906. Estimated time remaining: 7 seconds.
50% complete. Top fitness: 0.906. Estimated time remaining: 6 seconds.
60% complete. Top fitness: 0.906. Estimated time remaining: 5 seconds.
70% complete. Top fitness: 0.906. Estimated time remaining: 4 seconds.
80% complete. Top fitness: 0.906. Estimated time remaining: 3 seconds.
90% complete. Top fitness: 0.906. Estimated time remaining: 2 seconds.
100% complete. Top fitness: 0.906. 
Total runtime (ms): 14659
{
"global_top": {
"score": 0.905575,
"num_pillars": 5,
"inlet": {
"widths" : [0.4, 0.2, 0.4],"material" : [0, 1, 0]},
"seq": [0.7375, 0.001615, 1, 0.8119, -0.01553, 1, 0.7489, -0.01915, 1, 0.8079, 0.003328, 1, 0.7196, -0.02144, 1],
"indices": [27, 27, 27, 27, 27]
}
,
"per_pillar": [
]}
job_name: split
