Starting FlowSculpt search.
Parallel pool initialized with 12 threads.
10% complete. Top fitness: 0.972. Estimating remaining time...
20% complete. Top fitness: 0.972. Estimating remaining time...
30% complete. Top fitness: 0.972. Estimated time remaining: 11 seconds.
40% complete. Top fitness: 0.972. Estimated time remaining: 8.8 seconds.
50% complete. Top fitness: 0.974. Estimated time remaining: 7.2 seconds.
60% complete. Top fitness: 0.974. Estimated time remaining: 5.8 seconds.
70% complete. Top fitness: 0.974. Estimated time remaining: 4.6 seconds.
80% complete. Top fitness: 0.974. Estimated time remaining: 3.4 seconds.
90% complete. Top fitness: 0.974. Estimated time remaining: 2.2 seconds.
100% complete. Top fitness: 0.974. 
Total runtime (ms): 17921
{
"global_top": {
"score": 0.974463,
"num_pillars": 5,
"inlet": {
"widths" : [0.4, 0.2, 0.4],"material" : [0, 1, 0]},
"seq": [0.8059, 0.009384, 1, 0.7819, -0.02022, 1, 0.6768, 0.1248, 1, 0.812, 0.08563, 1, 0.7577, -0.2516, 1],
"indices": [27, 27, 20, 28, 25]
}
,
"per_pillar": [
]}
job_name: shift
