Starting FlowSculpt search.
Parallel pool initialized with 12 threads.
10% complete. Top fitness: 0.923. Estimating remaining time...
20% complete. Top fitness: 0.927. Estimating remaining time...
30% complete. Top fitness: 0.927. Estimated time remaining: 8 seconds.
40% complete. Top fitness: 0.927. Estimated time remaining: 7 seconds.
50% complete. Top fitness: 0.927. Estimated time remaining: 6 seconds.
60% complete. Top fitness: 0.946. Estimated time remaining: 5 seconds.
70% complete. Top fitness: 0.946. Estimated time remaining: 4 seconds.
80% complete. Top fitness: 0.946. Estimated time remaining: 3 seconds.
90% complete. Top fitness: 0.946. Estimated time remaining: 2 seconds.
100% complete. Top fitness: 0.946. 
Total runtime (ms): 14787
{
"global_top": {
"score": 0.9461,
"num_pillars": 4,
"inlet": {
"widths" : [0.4, 0.2, 0.4],"material" : [0, 1, 0]},
"seq": [0.3628, 0.3655, 1, 0.7671, 0.1541, 1, 0.8122, 0.1203, 1, 0.7697, 0.1047, 1],
"indices": [6, 28, 28, 28]
}
,
"per_pillar": [
]}
job_name: encapsulate
