Starting FlowSculpt search.
10% complete. Top fitness: 0.99. Estimating remaining time...
20% complete. Top fitness: 0.992. Estimating remaining time...
30% complete. Top fitness: 0.992. Estimated time remaining: 24 seconds.
40% complete. Top fitness: 0.992. Estimated time remaining: 21 seconds.
50% complete. Top fitness: 0.992. Estimated time remaining: 18 seconds.
60% complete. Top fitness: 0.992. Estimated time remaining: 15 seconds.
70% complete. Top fitness: 0.992. Estimated time remaining: 12 seconds.
80% complete. Top fitness: 0.992. Estimated time remaining: 9 seconds.
90% complete. Top fitness: 0.992. Estimated time remaining: 6 seconds.
100% complete. Top fitness: 0.992. 
Total runtime (ms): 34578
{
"global_top": {
"score": 0.9918,
"num_pillars": 6,
"inlet": {
"widths" : [0.4, 0.2, 0.4],"material" : [0, 1, 0]},
"seq": [0.7649, -0.02704, 1, 0.7788, 0.04715, 1, 0.7704, 0.007989, 1, 0.7877, 0.047, 1, 0.3884, -0.005093, 1, 0.6447, 0.01516, 1],
"indices": [27, 27, 27, 27, 3, 19]
}
,
"per_pillar": [
{
"score": 0.9918,
"num_pillars": 6,
"inlet": {
"widths" : [0.4, 0.2, 0.4],"material" : [0, 1, 0]},
"seq": [0.7649, -0.02704, 1, 0.7788, 0.04715, 1, 0.7704, 0.007989, 1, 0.7877, 0.047, 1, 0.3884, -0.005093, 1, 0.6447, 0.01516, 1],
"indices": [27, 27, 27, 27, 3, 19]
}
]}
job_name: dumbbell_1
