Starting FlowSculpt search.
10% complete. Top fitness: 0.997. Estimating remaining time...
20% complete. Top fitness: 0.997. Estimating remaining time...
30% complete. Top fitness: 0.997. Estimated time remaining: 27 seconds.
40% complete. Top fitness: 0.997. Estimated time remaining: 24 seconds.
50% complete. Top fitness: 0.997. Estimated time remaining: 24 seconds.
60% complete. Top fitness: 0.997. Estimated time remaining: 19 seconds.
70% complete. Top fitness: 0.997. Estimated time remaining: 16 seconds.
80% complete. Top fitness: 0.997. Estimated time remaining: 12 seconds.
90% complete. Top fitness: 0.997. Estimated time remaining: 8.4 seconds.
100% complete. Top fitness: 0.997. 
Total runtime (ms): 48384
{
"global_top": {
"score": 0.99665,
"num_pillars": 7,
"inlet": {
"widths" : [0.4, 0.2, 0.4],"material" : [0, 1, 0]},
"seq": [0.6537, -0.002787, 1, 0.5911, -0.04277, 1, 0.6374, 0.03287, 1, 0.6095, -0.01983, 1, 0.6635, 0.02073, 1, 0.6251, 0.03516, 1, 0.6774, -0.01684, 1],
"indices": [19, 19, 19, 19, 19, 19, 19]
}
,
"per_pillar": [
{
"score": 0.9967,
"num_pillars": 7,
"inlet": {
"widths" : [0.4, 0.2, 0.4],"material" : [0, 1, 0]},
"seq": [0.6537, -0.002787, 1, 0.5911, -0.04277, 1, 0.6374, 0.03287, 1, 0.6095, -0.01983, 1, 0.6635, 0.02073, 1, 0.6251, 0.03516, 1, 0.6774, -0.01684, 1],
"indices": [19, 19, 19, 19, 19, 19, 19]
}
]}
job_name: split
