Starting FlowSculpt search.
Parallel pool initialized with 8 threads.
1.43% complete. Top fitness: 0.781. Estimating remaining time...
2.86% complete. Top fitness: 0.781. Estimating remaining time...
4.29% complete. Top fitness: 0.781. Estimated time remaining: 0 seconds.
5.71% complete. Top fitness: 0.781. Estimated time remaining: 0 seconds.
7.14% complete. Top fitness: 0.781. Estimated time remaining: 0 seconds.
8.57% complete. Top fitness: 0.781. Estimated time remaining: 0 seconds.
10% complete. Top fitness: 0.781. Estimated time remaining: 0 seconds.
11.4% complete. Top fitness: 0.781. Estimated time remaining: 0 seconds.
12.9% complete. Top fitness: 0.781. Estimated time remaining: 0 seconds.
14.3% complete. Top fitness: 0.781. Estimated time remaining: 0 seconds.
15.7% complete. Top fitness: 0.814. Estimated time remaining: 0 seconds.
17.1% complete. Top fitness: 0.814. Estimated time remaining: 0 seconds.
18.6% complete. Top fitness: 0.814. Estimated time remaining: 0 seconds.
20% complete. Top fitness: 0.814. Estimated time remaining: 0 seconds.
21.4% complete. Top fitness: 0.814. Estimated time remaining: 0 seconds.
22.9% complete. Top fitness: 0.814. Estimated time remaining: 0 seconds.
24.3% complete. Top fitness: 0.814. Estimated time remaining: 0 seconds.
25.7% complete. Top fitness: 0.814. Estimated time remaining: 0 seconds.
27.1% complete. Top fitness: 0.814. Estimated time remaining: 0 seconds.
28.6% complete. Top fitness: 0.814. Estimated time remaining: 0 seconds.
30% complete. Top fitness: 0.843. Estimated time remaining: 0 seconds.
31.4% complete. Top fitness: 0.843. Estimated time remaining: 0 seconds.
32.9% complete. Top fitness: 0.843. Estimated time remaining: 0 seconds.
34.3% complete. Top fitness: 0.843. Estimated time remaining: 0 seconds.
35.7% complete. Top fitness: 0.843. Estimated time remaining: 0 seconds.
37.1% complete. Top fitness: 0.843. Estimated time remaining: 0 seconds.
38.6% complete. Top fitness: 0.843. Estimated time remaining: 0 seconds.
40% complete. Top fitness: 0.843. Estimated time remaining: 0 seconds.
41.4% complete. Top fitness: 0.843. Estimated time remaining: 0 seconds.
42.9% complete. Top fitness: 0.843. Estimated time remaining: 0 seconds.
44.3% complete. Top fitness: 0.873. Estimated time remaining: 0 seconds.
45.7% complete. Top fitness: 0.873. Estimated time remaining: 0 seconds.
47.1% complete. Top fitness: 0.873. Estimated time remaining: 0 seconds.
48.6% complete. Top fitness: 0.873. Estimated time remaining: 0 seconds.
50% complete. Top fitness: 0.873. Estimated time remaining: 0 seconds.
51.4% complete. Top fitness: 0.873. Estimated time remaining: 0 seconds.
52.9% complete. Top fitness: 0.873. Estimated time remaining: 0 seconds.
54.3% complete. Top fitness: 0.873. Estimated time remaining: 0 seconds.
55.7% complete. Top fitness: 0.873. Estimated time remaining: 0 seconds.
57.1% complete. Top fitness: 0.873. Estimated time remaining: 0 seconds.
58.6% complete. Top fitness: 0.905. Estimated time remaining: 0 seconds.
60% complete. Top fitness: 0.905. Estimated time remaining: 0 seconds.
61.4% complete. Top fitness: 0.905. Estimated time remaining: 0 seconds.
62.9% complete. Top fitness: 0.905. Estimated time remaining: 0 seconds.
64.3% complete. Top fitness: 0.905. Estimated time remaining: 0 seconds.
65.7% complete. Top fitness: 0.905. Estimated time remaining: 0 seconds.
67.1% complete. Top fitness: 0.905. Estimated time remaining: 0 seconds.
68.6% complete. Top fitness: 0.905. Estimated time remaining: 0 seconds.
70% complete. Top fitness: 0.905. Estimated time remaining: 0 seconds.
71.4% complete. Top fitness: 0.905. Estimated time remaining: 0 seconds.
72.9% complete. Top fitness: 0.943. Estimated time remaining: 0 seconds.
74.3% complete. Top fitness: 0.943. Estimated time remaining: 0 seconds.
75.7% complete. Top fitness: 0.943. Estimated time remaining: 0 seconds.
77.1% complete. Top fitness: 0.943. Estimated time remaining: 0 seconds.
78.6% complete. Top fitness: 0.943. Estimated time remaining: 0 seconds.
80% complete. Top fitness: 0.943. Estimated time remaining: 0 seconds.
81.4% complete. Top fitness: 0.943. Estimated time remaining: 0 seconds.
82.9% complete. Top fitness: 0.943. Estimated time remaining: 0 seconds.
84.3% complete. Top fitness: 0.943. Estimated time remaining: 0 seconds.
85.7% complete. Top fitness: 0.943. Estimated time remaining: 0 seconds.
87.1% complete. Top fitness: 0.966. Estimated time remaining: 0 seconds.
88.6% complete. Top fitness: 0.966. Estimated time remaining: 0 seconds.
90% complete. Top fitness: 0.966. Estimated time remaining: 0 seconds.
91.4% complete. Top fitness: 0.966. Estimated time remaining: 0 seconds.
92.9% complete. Top fitness: 0.966. Estimated time remaining: 0 seconds.
94.3% complete. Top fitness: 0.966. Estimated time remaining: 0 seconds.
95.7% complete. Top fitness: 0.966. Estimated time remaining: 0 seconds.
97.1% complete. Top fitness: 0.966. Estimated time remaining: 0 seconds.
98.6% complete. Top fitness: 0.966. Estimated time remaining: 0 seconds.
100% complete. Top fitness: 0.966. 
Total runtime (ms): 29676
{
"global_top": {
"score": 0.965912,
"num_pillars": 7,
"inlet": {
"widths" : [0.4, 0.2, 0.4],"material" : [0, 1, 0]},
"seq": [0.5764, 0.03418, 1, 0.5478, 0.006106, 1, 0.6202, -0.04802, 1, 0.8007, -0.006334, 1, 0.7433, 0.002718, 1, 0.7937, -0.02141, 1, 0.7356, -0.03408, 1],
"indices": [19, 11, 19, 27, 27, 27, 27]
}
,
"per_pillar": [
{
"score": 0.7806,
"num_pillars": 1,
"inlet": {
"widths" : [0.4, 0.2, 0.4],"material" : [0, 1, 0]},
"seq": [0.8103, 0.0001286, 1],
"indices": [27]
}
,
{
"score": 0.8136,
"num_pillars": 2,
"inlet": {
"widths" : [0.4, 0.2, 0.4],"material" : [0, 1, 0]},
"seq": [0.6546, -0.01891, 1, 0.5762, 0.01524, 1],
"indices": [19, 19]
}
,
{
"score": 0.8426,
"num_pillars": 3,
"inlet": {
"widths" : [0.4, 0.2, 0.4],"material" : [0, 1, 0]},
"seq": [0.6675, -0.03435, 1, 0.6454, 0.01736, 1, 0.6415, 0.02167, 1],
"indices": [19, 19, 19]
}
,
{
"score": 0.8734,
"num_pillars": 4,
"inlet": {
"widths" : [0.4, 0.2, 0.4],"material" : [0, 1, 0]},
"seq": [0.6698, 0.04703, 1, 0.6322, -0.05661, 1, 0.6292, -0.03611, 1, 0.6118, -0.02105, 1],
"indices": [19, 19, 19, 19]
}
,
{
"score": 0.9055,
"num_pillars": 5,
"inlet": {
"widths" : [0.4, 0.2, 0.4],"material" : [0, 1, 0]},
"seq": [0.6217, 0.03297, 1, 0.6031, 0.02367, 1, 0.5726, -0.05546, 1, 0.6648, 0.0161, 1, 0.7029, 0.01049, 1],
"indices": [19, 19, 19, 19, 27]
}
,
{
"score": 0.9427,
"num_pillars": 6,
"inlet": {
"widths" : [0.4, 0.2, 0.4],"material" : [0, 1, 0]},
"seq": [0.5879, -0.005004, 1, 0.6354, 0.01614, 1, 0.642, 0.01502, 1, 0.7233, -0.00111, 1, 0.7127, -0.04224, 1, 0.8122, 0.002188, 1],
"indices": [19, 19, 19, 27, 27, 27]
}
]}
job_name: dummbell_2
