Starting FlowSculpt search.
Parallel pool initialized with 12 threads.
10% complete. Top fitness: 0.815. Estimating remaining time...
20% complete. Top fitness: 0.815. Estimating remaining time...
30% complete. Top fitness: 0.815. Estimated time remaining: 8 seconds.
40% complete. Top fitness: 0.815. Estimated time remaining: 7 seconds.
50% complete. Top fitness: 0.815. Estimated time remaining: 6 seconds.
60% complete. Top fitness: 0.815. Estimated time remaining: 5 seconds.
70% complete. Top fitness: 0.815. Estimated time remaining: 4 seconds.
80% complete. Top fitness: 0.815. Estimated time remaining: 3 seconds.
90% complete. Top fitness: 0.815. Estimated time remaining: 2 seconds.
100% complete. Top fitness: 0.815. 
Total runtime (ms): 11073
{
"global_top": {
"score": 0.815025,
"num_pillars": 2,
"inlet": {
"widths" : [0.4, 0.2, 0.4],"material" : [0, 1, 0]},
"seq": [0.6319, 0.02444, 1, 0.6553, 0.04783, 1],
"indices": [19, 19]
}
,
"per_pillar": [
]}
job_name: dummbell_2
