Starting FlowSculpt search.
Parallel pool initialized with 32 threads.
1.43% complete. Top fitness: 0.752. Estimating remaining time...
2.86% complete. Top fitness: 0.752. Estimating remaining time...
4.29% complete. Top fitness: 0.752. Estimated time remaining: 0 seconds.
5.71% complete. Top fitness: 0.752. Estimated time remaining: 0 seconds.
7.14% complete. Top fitness: 0.752. Estimated time remaining: 0 seconds.
8.57% complete. Top fitness: 0.752. Estimated time remaining: 0 seconds.
10% complete. Top fitness: 0.752. Estimated time remaining: 0 seconds.
11.4% complete. Top fitness: 0.752. Estimated time remaining: 0 seconds.
12.9% complete. Top fitness: 0.752. Estimated time remaining: 0 seconds.
14.3% complete. Top fitness: 0.752. Estimated time remaining: 0 seconds.
15.7% complete. Top fitness: 0.782. Estimated time remaining: 0 seconds.
17.1% complete. Top fitness: 0.782. Estimated time remaining: 0 seconds.
18.6% complete. Top fitness: 0.782. Estimated time remaining: 0 seconds.
20% complete. Top fitness: 0.782. Estimated time remaining: 0 seconds.
21.4% complete. Top fitness: 0.782. Estimated time remaining: 0 seconds.
22.9% complete. Top fitness: 0.782. Estimated time remaining: 0 seconds.
24.3% complete. Top fitness: 0.782. Estimated time remaining: 0 seconds.
25.7% complete. Top fitness: 0.782. Estimated time remaining: 0 seconds.
27.1% complete. Top fitness: 0.782. Estimated time remaining: 0 seconds.
28.6% complete. Top fitness: 0.782. Estimated time remaining: 0 seconds.
30% complete. Top fitness: 0.815. Estimated time remaining: 0 seconds.
31.4% complete. Top fitness: 0.815. Estimated time remaining: 0 seconds.
32.9% complete. Top fitness: 0.815. Estimated time remaining: 0 seconds.
34.3% complete. Top fitness: 0.815. Estimated time remaining: 0 seconds.
35.7% complete. Top fitness: 0.815. Estimated time remaining: 0 seconds.
37.1% complete. Top fitness: 0.815. Estimated time remaining: 0 seconds.
38.6% complete. Top fitness: 0.815. Estimated time remaining: 0 seconds.
40% complete. Top fitness: 0.815. Estimated time remaining: 0 seconds.
41.4% complete. Top fitness: 0.815. Estimated time remaining: 0 seconds.
42.9% complete. Top fitness: 0.815. Estimated time remaining: 0 seconds.
44.3% complete. Top fitness: 0.853. Estimated time remaining: 0 seconds.
45.7% complete. Top fitness: 0.853. Estimated time remaining: 0 seconds.
47.1% complete. Top fitness: 0.853. Estimated time remaining: 0 seconds.
48.6% complete. Top fitness: 0.853. Estimated time remaining: 0 seconds.
50% complete. Top fitness: 0.853. Estimated time remaining: 0 seconds.
51.4% complete. Top fitness: 0.853. Estimated time remaining: 0 seconds.
52.9% complete. Top fitness: 0.853. Estimated time remaining: 0 seconds.
54.3% complete. Top fitness: 0.853. Estimated time remaining: 0 seconds.
55.7% complete. Top fitness: 0.853. Estimated time remaining: 0 seconds.
57.1% complete. Top fitness: 0.853. Estimated time remaining: 0 seconds.
58.6% complete. Top fitness: 0.903. Estimated time remaining: 0 seconds.
60% complete. Top fitness: 0.903. Estimated time remaining: 0 seconds.
61.4% complete. Top fitness: 0.903. Estimated time remaining: 0 seconds.
62.9% complete. Top fitness: 0.903. Estimated time remaining: 0 seconds.
64.3% complete. Top fitness: 0.903. Estimated time remaining: 0 seconds.
65.7% complete. Top fitness: 0.903. Estimated time remaining: 0 seconds.
67.1% complete. Top fitness: 0.903. Estimated time remaining: 0 seconds.
68.6% complete. Top fitness: 0.903. Estimated time remaining: 0 seconds.
70% complete. Top fitness: 0.903. Estimated time remaining: 0 seconds.
71.4% complete. Top fitness: 0.903. Estimated time remaining: 0 seconds.
72.9% complete. Top fitness: 0.955. Estimated time remaining: 0 seconds.
74.3% complete. Top fitness: 0.955. Estimated time remaining: 0 seconds.
75.7% complete. Top fitness: 0.955. Estimated time remaining: 0 seconds.
77.1% complete. Top fitness: 0.955. Estimated time remaining: 0 seconds.
78.6% complete. Top fitness: 0.955. Estimated time remaining: 0 seconds.
80% complete. Top fitness: 0.955. Estimated time remaining: 0 seconds.
81.4% complete. Top fitness: 0.955. Estimated time remaining: 0 seconds.
82.9% complete. Top fitness: 0.955. Estimated time remaining: 0 seconds.
84.3% complete. Top fitness: 0.955. Estimated time remaining: 0 seconds.
85.7% complete. Top fitness: 0.955. Estimated time remaining: 0 seconds.
87.1% complete. Top fitness: 0.997. Estimated time remaining: 0 seconds.
88.6% complete. Top fitness: 0.997. Estimated time remaining: 0 seconds.
90% complete. Top fitness: 0.997. Estimated time remaining: 0 seconds.
91.4% complete. Top fitness: 0.997. Estimated time remaining: 0 seconds.
92.9% complete. Top fitness: 0.997. Estimated time remaining: 0 seconds.
94.3% complete. Top fitness: 0.997. Estimated time remaining: 0 seconds.
95.7% complete. Top fitness: 0.997. Estimated time remaining: 0 seconds.
97.1% complete. Top fitness: 0.997. Estimated time remaining: 0 seconds.
98.6% complete. Top fitness: 0.997. Estimated time remaining: 0 seconds.
100% complete. Top fitness: 0.997. 
Total runtime (ms): 15277
{
"global_top": {
"score": 0.99665,
"num_pillars": 7,
"inlet": {
"widths" : [0.4, 0.2, 0.4],"material" : [0, 1, 0]},
"seq": [0.5886, 0.0007946, 1, 0.6172, -0.006584, 1, 0.6779, -0.02733, 1, 0.6204, -0.007538, 1, 0.6599, 0.003581, 1, 0.6439, -0.01659, 1, 0.6208, 0.03778, 1],
"indices": [19, 19, 19, 19, 19, 19, 19]
}
,
"per_pillar": [
{
"score": 0.7516,
"num_pillars": 1,
"inlet": {
"widths" : [0.4, 0.2, 0.4],"material" : [0, 1, 0]},
"seq": [0.7984, -0.03439, 1],
"indices": [27]
}
,
{
"score": 0.7822,
"num_pillars": 2,
"inlet": {
"widths" : [0.4, 0.2, 0.4],"material" : [0, 1, 0]},
"seq": [0.6057, 0.04823, 1, 0.6319, -0.01389, 1],
"indices": [19, 19]
}
,
{
"score": 0.8146,
"num_pillars": 3,
"inlet": {
"widths" : [0.4, 0.2, 0.4],"material" : [0, 1, 0]},
"seq": [0.6397, -0.04737, 1, 0.6682, 0.02145, 1, 0.6348, -0.02177, 1],
"indices": [19, 19, 19]
}
,
{
"score": 0.8529,
"num_pillars": 4,
"inlet": {
"widths" : [0.4, 0.2, 0.4],"material" : [0, 1, 0]},
"seq": [0.6647, 0.01629, 1, 0.6504, -0.04713, 1, 0.6531, 0.03164, 1, 0.6429, -0.04958, 1],
"indices": [19, 19, 19, 19]
}
,
{
"score": 0.9025,
"num_pillars": 5,
"inlet": {
"widths" : [0.4, 0.2, 0.4],"material" : [0, 1, 0]},
"seq": [0.8005, -0.03966, 1, 0.7997, 0.0004027, 1, 0.7905, -0.02988, 1, 0.8006, -0.0068, 1, 0.7925, -0.01526, 1],
"indices": [27, 27, 27, 27, 27]
}
,
{
"score": 0.9546,
"num_pillars": 6,
"inlet": {
"widths" : [0.4, 0.2, 0.4],"material" : [0, 1, 0]},
"seq": [0.7464, -0.04631, 1, 0.7407, -1.806e-05, 1, 0.6958, -0.02837, 1, 0.7487, 0.0008661, 1, 0.771, 0.03513, 1, 0.7663, -0.03109, 1],
"indices": [27, 27, 27, 27, 27, 27]
}
]}
job_name: split
