Starting FlowSculpt search.
Parallel pool initialized with 12 threads.
10% complete. Top fitness: 0.908. Estimating remaining time...
20% complete. Top fitness: 0.908. Estimating remaining time...
30% complete. Top fitness: 0.908. Estimated time remaining: 8 seconds.
40% complete. Top fitness: 0.908. Estimated time remaining: 7 seconds.
50% complete. Top fitness: 0.908. Estimated time remaining: 6 seconds.
60% complete. Top fitness: 0.908. Estimated time remaining: 5 seconds.
70% complete. Top fitness: 0.908. Estimated time remaining: 4 seconds.
80% complete. Top fitness: 0.908. Estimated time remaining: 3 seconds.
90% complete. Top fitness: 0.908. Estimated time remaining: 2 seconds.
100% complete. Top fitness: 0.908. 
Total runtime (ms): 11685
{
"global_top": {
"score": 0.907513,
"num_pillars": 2,
"inlet": {
"widths" : [0.4, 0.2, 0.4],"material" : [0, 1, 0]},
"seq": [0.7478, -0.009618, 1, 0.7938, 0.09902, 1],
"indices": [27, 28]
}
,
"per_pillar": [
]}
job_name: shift
