Starting FlowSculpt search.
Parallel pool initialized with 12 threads.
10% complete. Top fitness: 0.952. Estimating remaining time...
20% complete. Top fitness: 0.952. Estimating remaining time...
30% complete. Top fitness: 0.952. Estimated time remaining: 8 seconds.
40% complete. Top fitness: 0.952. Estimated time remaining: 8.8 seconds.
50% complete. Top fitness: 0.952. Estimated time remaining: 7.2 seconds.
60% complete. Top fitness: 0.952. Estimated time remaining: 6.7 seconds.
70% complete. Top fitness: 0.952. Estimated time remaining: 5.1 seconds.
80% complete. Top fitness: 0.952. Estimated time remaining: 4.1 seconds.
90% complete. Top fitness: 0.952. Estimated time remaining: 2.9 seconds.
100% complete. Top fitness: 0.952. 
Total runtime (ms): 19927
{
"global_top": {
"score": 0.952025,
"num_pillars": 5,
"inlet": {
"widths" : [0.4, 0.2, 0.4],"material" : [0, 1, 0]},
"seq": [0.7275, 0.2789, 1, 0.7249, 0.133, 1, 0.3166, 0.00672, 1, 0.6374, 0.2709, 1, 0.7993, 0.1091, 1],
"indices": [29, 28, 3, 21, 28]
}
,
"per_pillar": [
]}
job_name: encapsulate
