Warning: Desired fitness function not found. Defaulting to Corr2Fitness
Starting FlowSculpt search.
Parallel pool initialized with 12 threads.
10% complete. Top fitness: 0.912. Estimating remaining time...
20% complete. Top fitness: 0.945. Estimating remaining time...
30% complete. Top fitness: 0.952. Estimated time remaining: 19 seconds.
40% complete. Top fitness: 0.952. Estimated time remaining: 16 seconds.
50% complete. Top fitness: 0.952. Estimated time remaining: 12 seconds.
60% complete. Top fitness: 0.952. Estimated time remaining: 11 seconds.
70% complete. Top fitness: 0.952. Estimated time remaining: 8 seconds.
80% complete. Top fitness: 0.952. Estimated time remaining: 6 seconds.
90% complete. Top fitness: 0.952. Estimated time remaining: 4.2 seconds.
100% complete. Top fitness: 0.952. 
Total runtime (ms): 26594
{
"global_top": {
"score": 0.951814,
"num_pillars": 7,
"inlet": {
"widths" : [0.4, 0.2, 0.4],"material" : [0, 1, 0]},
"seq": [0.7947, 0.07647, 1, 0.4697, -0.2473, 1, 0.4614, -0.1581, 1, 0.5239, 0.41, 1, 0.3704, 0.01735, 1, 0.4072, -0.2849, 1, 0.7378, -0.1504, 1],
"indices": [28, 9, 10, 14, 3, 1, 26]
}
,
"per_pillar": [
]}
job_name: test_1
