Starting FlowSculpt search.
10% complete. Top fitness: 0.853. Estimating remaining time...
20% complete. Top fitness: 0.853. Estimating remaining time...
30% complete. Top fitness: 0.853. Estimated time remaining: 16 seconds.
40% complete. Top fitness: 0.853. Estimated time remaining: 14 seconds.
50% complete. Top fitness: 0.853. Estimated time remaining: 12 seconds.
60% complete. Top fitness: 0.853. Estimated time remaining: 10 seconds.
70% complete. Top fitness: 0.853. Estimated time remaining: 8.6 seconds.
80% complete. Top fitness: 0.853. Estimated time remaining: 6.4 seconds.
90% complete. Top fitness: 0.853. Estimated time remaining: 4.2 seconds.
100% complete. Top fitness: 0.853. 
Total runtime (ms): 26477
{
"global_top": {
"score": 0.852862,
"num_pillars": 4,
"inlet": {
"widths" : [0.4, 0.2, 0.4],"material" : [0, 1, 0]},
"seq": [0.6367, 0.01318, 1, 0.6378, 0.01886, 1, 0.6449, 0.01984, 1, 0.6385, -0.01513, 1],
"indices": [19, 19, 19, 19]
}
,
"per_pillar": [
{
"score": 0.8529,
"num_pillars": 4,
"inlet": {
"widths" : [0.4, 0.2, 0.4],"material" : [0, 1, 0]},
"seq": [0.6367, 0.01318, 1, 0.6378, 0.01886, 1, 0.6449, 0.01984, 1, 0.6385, -0.01513, 1],
"indices": [19, 19, 19, 19]
}
]}
job_name: split
