Starting FlowSculpt search.
Parallel pool initialized with 12 threads.
10% complete. Top fitness: 0.981. Estimating remaining time...
20% complete. Top fitness: 0.981. Estimating remaining time...
30% complete. Top fitness: 0.981. Estimated time remaining: 11 seconds.
40% complete. Top fitness: 0.981. Estimated time remaining: 8.8 seconds.
50% complete. Top fitness: 0.981. Estimated time remaining: 7.2 seconds.
60% complete. Top fitness: 0.981. Estimated time remaining: 5.8 seconds.
70% complete. Top fitness: 0.981. Estimated time remaining: 5.1 seconds.
80% complete. Top fitness: 0.981. Estimated time remaining: 4.1 seconds.
90% complete. Top fitness: 0.981. Estimated time remaining: 2.7 seconds.
100% complete. Top fitness: 0.981. 
Total runtime (ms): 20055
{
"global_top": {
"score": 0.98125,
"num_pillars": 6,
"inlet": {
"widths" : [0.4, 0.2, 0.4],"material" : [0, 1, 0]},
"seq": [0.4669, 0.03305, 1, 0.6526, -0.0145, 1, 0.7316, 0.02242, 1, 0.7048, 0.1072, 1, 0.8125, 0.2266, 1, 0.6442, -0.2748, 1],
"indices": [11, 19, 27, 28, 29, 17]
}
,
"per_pillar": [
]}
job_name: shift
