Starting FlowSculpt search.
Parallel pool initialized with 12 threads.
10% complete. Top fitness: 0.995. Estimating remaining time...
20% complete. Top fitness: 0.995. Estimating remaining time...
30% complete. Top fitness: 0.995. Estimated time remaining: 8 seconds.
40% complete. Top fitness: 0.995. Estimated time remaining: 7 seconds.
50% complete. Top fitness: 0.995. Estimated time remaining: 7.2 seconds.
60% complete. Top fitness: 0.995. Estimated time remaining: 5.8 seconds.
70% complete. Top fitness: 0.995. Estimated time remaining: 4.6 seconds.
80% complete. Top fitness: 0.995. Estimated time remaining: 3.4 seconds.
90% complete. Top fitness: 0.995. Estimated time remaining: 2.2 seconds.
100% complete. Top fitness: 0.995. 
Total runtime (ms): 16385
{
"global_top": {
"score": 0.99475,
"num_pillars": 6,
"inlet": {
"widths" : [0.4, 0.2, 0.4],"material" : [0, 1, 0]},
"seq": [0.8061, 0.0166, 1, 0.7982, -0.0332, 1, 0.7653, -0.03016, 1, 0.7381, 0.04354, 1, 0.348, 0.01242, 1, 0.6762, -0.01354, 1],
"indices": [27, 27, 27, 27, 3, 19]
}
,
"per_pillar": [
]}
job_name: dumbbell_1
