Starting FlowSculpt search.
Parallel pool initialized with 12 threads.
10% complete. Top fitness: 0.957. Estimating remaining time...
20% complete. Top fitness: 0.957. Estimating remaining time...
30% complete. Top fitness: 0.957. Estimated time remaining: 8 seconds.
40% complete. Top fitness: 0.957. Estimated time remaining: 7 seconds.
50% complete. Top fitness: 0.957. Estimated time remaining: 6 seconds.
60% complete. Top fitness: 0.957. Estimated time remaining: 5 seconds.
70% complete. Top fitness: 0.957. Estimated time remaining: 4 seconds.
80% complete. Top fitness: 0.957. Estimated time remaining: 3 seconds.
90% complete. Top fitness: 0.957. Estimated time remaining: 2 seconds.
100% complete. Top fitness: 0.957. 
Total runtime (ms): 15814
{
"global_top": {
"score": 0.957438,
"num_pillars": 4,
"inlet": {
"widths" : [0.4, 0.2, 0.4],"material" : [0, 1, 0]},
"seq": [0.799, 0.004668, 1, 0.7519, 0.03613, 1, 0.7658, 0.1368, 1, 0.8125, 0.4797, 1],
"indices": [27, 27, 28, 31]
}
,
"per_pillar": [
]}
job_name: shift
