Starting FlowSculpt search.
10% complete. Top fitness: 0.978. Estimating remaining time...
20% complete. Top fitness: 0.986. Estimating remaining time...
30% complete. Top fitness: 0.987. Estimated time remaining: 19 seconds.
40% complete. Top fitness: 0.987. Estimated time remaining: 19 seconds.
50% complete. Top fitness: 0.987. Estimated time remaining: 16 seconds.
60% complete. Top fitness: 0.987. Estimated time remaining: 12 seconds.
70% complete. Top fitness: 0.987. Estimated time remaining: 9.7 seconds.
80% complete. Top fitness: 0.987. Estimated time remaining: 7.9 seconds.
90% complete. Top fitness: 0.987. Estimated time remaining: 5.1 seconds.
100% complete. Top fitness: 0.987. 
Total runtime (ms): 31079
{
"global_top": {
"score": 0.987112,
"num_pillars": 4,
"inlet": {
"widths" : [0.4, 0.2, 0.4],"material" : [0, 1, 0]},
"seq": [0.5186, 0.01018, 1, 0.5315, -0.009223, 1, 0.3789, 0.126, 1, 0.3182, -0.1668, 1],
"indices": [11, 11, 4, 2]
}
,
"per_pillar": [
{
"score": 0.9871,
"num_pillars": 4,
"inlet": {
"widths" : [0.4, 0.2, 0.4],"material" : [0, 1, 0]},
"seq": [0.5186, 0.01018, 1, 0.5315, -0.009223, 1, 0.3789, 0.126, 1, 0.3182, -0.1668, 1],
"indices": [11, 11, 4, 2]
}
]}
job_name: add_vertex
