Starting FlowSculpt search.
Parallel pool initialized with 12 threads.
10% complete. Top fitness: 0.958. Estimating remaining time...
20% complete. Top fitness: 0.958. Estimating remaining time...
30% complete. Top fitness: 0.958. Estimated time remaining: 8 seconds.
40% complete. Top fitness: 0.958. Estimated time remaining: 7 seconds.
50% complete. Top fitness: 0.958. Estimated time remaining: 6 seconds.
60% complete. Top fitness: 0.958. Estimated time remaining: 5 seconds.
70% complete. Top fitness: 0.958. Estimated time remaining: 4 seconds.
80% complete. Top fitness: 0.958. Estimated time remaining: 3 seconds.
90% complete. Top fitness: 0.958. Estimated time remaining: 2 seconds.
100% complete. Top fitness: 0.958. 
Total runtime (ms): 15382
{
"global_top": {
"score": 0.9578,
"num_pillars": 6,
"inlet": {
"widths" : [0.4, 0.2, 0.4],"material" : [0, 1, 0]},
"seq": [0.7225, 0.02127, 1, 0.7249, 0.0152, 1, 0.8125, 0.04527, 1, 0.7431, -0.004449, 1, 0.7033, -0.03737, 1, 0.7308, -0.01902, 1],
"indices": [27, 27, 27, 27, 27, 27]
}
,
"per_pillar": [
]}
job_name: split
