Starting FlowSculpt search.
Parallel pool initialized with 8 threads.
1.43% complete. Top fitness: 0.752. Estimating remaining time...
2.86% complete. Top fitness: 0.752. Estimating remaining time...
4.29% complete. Top fitness: 0.752. Estimated time remaining: 0 seconds.
5.71% complete. Top fitness: 0.752. Estimated time remaining: 0 seconds.
7.14% complete. Top fitness: 0.752. Estimated time remaining: 0 seconds.
8.57% complete. Top fitness: 0.752. Estimated time remaining: 0 seconds.
10% complete. Top fitness: 0.752. Estimated time remaining: 0 seconds.
11.4% complete. Top fitness: 0.752. Estimated time remaining: 0 seconds.
12.9% complete. Top fitness: 0.752. Estimated time remaining: 0 seconds.
14.3% complete. Top fitness: 0.752. Estimated time remaining: 0 seconds.
15.7% complete. Top fitness: 0.782. Estimated time remaining: 0 seconds.
17.1% complete. Top fitness: 0.782. Estimated time remaining: 0 seconds.
18.6% complete. Top fitness: 0.782. Estimated time remaining: 0 seconds.
20% complete. Top fitness: 0.782. Estimated time remaining: 0 seconds.
21.4% complete. Top fitness: 0.782. Estimated time remaining: 0 seconds.
22.9% complete. Top fitness: 0.782. Estimated time remaining: 0 seconds.
24.3% complete. Top fitness: 0.782. Estimated time remaining: 0 seconds.
25.7% complete. Top fitness: 0.782. Estimated time remaining: 0 seconds.
27.1% complete. Top fitness: 0.782. Estimated time remaining: 0 seconds.
28.6% complete. Top fitness: 0.782. Estimated time remaining: 0 seconds.
30% complete. Top fitness: 0.815. Estimated time remaining: 0 seconds.
31.4% complete. Top fitness: 0.815. Estimated time remaining: 0 seconds.
32.9% complete. Top fitness: 0.815. Estimated time remaining: 0 seconds.
34.3% complete. Top fitness: 0.815. Estimated time remaining: 0 seconds.
35.7% complete. Top fitness: 0.815. Estimated time remaining: 0 seconds.
37.1% complete. Top fitness: 0.815. Estimated time remaining: 0 seconds.
38.6% complete. Top fitness: 0.815. Estimated time remaining: 0 seconds.
40% complete. Top fitness: 0.815. Estimated time remaining: 0 seconds.
41.4% complete. Top fitness: 0.815. Estimated time remaining: 0 seconds.
42.9% complete. Top fitness: 0.815. Estimated time remaining: 0 seconds.
44.3% complete. Top fitness: 0.853. Estimated time remaining: 0 seconds.
45.7% complete. Top fitness: 0.853. Estimated time remaining: 0 seconds.
47.1% complete. Top fitness: 0.853. Estimated time remaining: 0 seconds.
48.6% complete. Top fitness: 0.853. Estimated time remaining: 0 seconds.
50% complete. Top fitness: 0.853. Estimated time remaining: 0 seconds.
51.4% complete. Top fitness: 0.853. Estimated time remaining: 0 seconds.
52.9% complete. Top fitness: 0.853. Estimated time remaining: 0 seconds.
54.3% complete. Top fitness: 0.853. Estimated time remaining: 0 seconds.
55.7% complete. Top fitness: 0.853. Estimated time remaining: 0 seconds.
57.1% complete. Top fitness: 0.853. Estimated time remaining: 0 seconds.
58.6% complete. Top fitness: 0.903. Estimated time remaining: 0 seconds.
60% complete. Top fitness: 0.903. Estimated time remaining: 0 seconds.
61.4% complete. Top fitness: 0.903. Estimated time remaining: 0 seconds.
62.9% complete. Top fitness: 0.903. Estimated time remaining: 0 seconds.
64.3% complete. Top fitness: 0.903. Estimated time remaining: 0 seconds.
65.7% complete. Top fitness: 0.903. Estimated time remaining: 0 seconds.
67.1% complete. Top fitness: 0.903. Estimated time remaining: 0 seconds.
68.6% complete. Top fitness: 0.903. Estimated time remaining: 0 seconds.
70% complete. Top fitness: 0.903. Estimated time remaining: 0 seconds.
71.4% complete. Top fitness: 0.903. Estimated time remaining: 0 seconds.
72.9% complete. Top fitness: 0.955. Estimated time remaining: 0 seconds.
74.3% complete. Top fitness: 0.955. Estimated time remaining: 0 seconds.
75.7% complete. Top fitness: 0.955. Estimated time remaining: 0 seconds.
77.1% complete. Top fitness: 0.955. Estimated time remaining: 0 seconds.
78.6% complete. Top fitness: 0.955. Estimated time remaining: 0 seconds.
80% complete. Top fitness: 0.955. Estimated time remaining: 0 seconds.
81.4% complete. Top fitness: 0.955. Estimated time remaining: 0 seconds.
82.9% complete. Top fitness: 0.955. Estimated time remaining: 0 seconds.
84.3% complete. Top fitness: 0.955. Estimated time remaining: 0 seconds.
85.7% complete. Top fitness: 0.955. Estimated time remaining: 0 seconds.
87.1% complete. Top fitness: 0.997. Estimated time remaining: 0 seconds.
88.6% complete. Top fitness: 0.997. Estimated time remaining: 0 seconds.
90% complete. Top fitness: 0.997. Estimated time remaining: 0 seconds.
91.4% complete. Top fitness: 0.997. Estimated time remaining: 0 seconds.
92.9% complete. Top fitness: 0.997. Estimated time remaining: 0 seconds.
94.3% complete. Top fitness: 0.997. Estimated time remaining: 0.29 seconds.
95.7% complete. Top fitness: 0.997. Estimated time remaining: 0.22 seconds.
97.1% complete. Top fitness: 0.997. Estimated time remaining: 0.15 seconds.
98.6% complete. Top fitness: 0.997. Estimated time remaining: 0.097 seconds.
100% complete. Top fitness: 0.997. 
Total runtime (ms): 29973
{
"global_top": {
"score": 0.99665,
"num_pillars": 7,
"inlet": {
"widths" : [0.4, 0.2, 0.4],"material" : [0, 1, 0]},
"seq": [0.6097, 0.03397, 1, 0.607, 0.03235, 1, 0.5943, 0.02335, 1, 0.6481, 0.004011, 1, 0.6199, -0.01911, 1, 0.6578, -0.02036, 1, 0.6228, 0.03192, 1],
"indices": [19, 19, 19, 19, 19, 19, 19]
}
,
"per_pillar": [
{
"score": 0.7516,
"num_pillars": 1,
"inlet": {
"widths" : [0.4, 0.2, 0.4],"material" : [0, 1, 0]},
"seq": [0.7868, -0.01234, 1],
"indices": [27]
}
,
{
"score": 0.7822,
"num_pillars": 2,
"inlet": {
"widths" : [0.4, 0.2, 0.4],"material" : [0, 1, 0]},
"seq": [0.6082, 0.03649, 1, 0.6551, -0.02761, 1],
"indices": [19, 19]
}
,
{
"score": 0.8146,
"num_pillars": 3,
"inlet": {
"widths" : [0.4, 0.2, 0.4],"material" : [0, 1, 0]},
"seq": [0.6249, -0.02844, 1, 0.6104, -0.01087, 1, 0.5838, 0.01238, 1],
"indices": [19, 19, 19]
}
,
{
"score": 0.8529,
"num_pillars": 4,
"inlet": {
"widths" : [0.4, 0.2, 0.4],"material" : [0, 1, 0]},
"seq": [0.6814, -0.0554, 1, 0.6534, -0.02701, 1, 0.5802, 0.04388, 1, 0.6279, 0.01109, 1],
"indices": [19, 19, 19, 19]
}
,
{
"score": 0.9025,
"num_pillars": 5,
"inlet": {
"widths" : [0.4, 0.2, 0.4],"material" : [0, 1, 0]},
"seq": [0.8028, -0.03721, 1, 0.7957, 0.004097, 1, 0.8049, -0.02725, 1, 0.74, 0.02245, 1, 0.7835, -0.02095, 1],
"indices": [27, 27, 27, 27, 27]
}
,
{
"score": 0.9546,
"num_pillars": 6,
"inlet": {
"widths" : [0.4, 0.2, 0.4],"material" : [0, 1, 0]},
"seq": [0.714, -0.01997, 1, 0.7728, 0.03112, 1, 0.7131, -0.01533, 1, 0.7745, -0.01026, 1, 0.7975, 0.02748, 1, 0.8051, 0.05539, 1],
"indices": [27, 27, 27, 27, 27, 27]
}
]}
job_name: split
