Starting FlowSculpt search.
Parallel pool initialized with 8 threads.
1.43% complete. Top fitness: 0.961. Estimating remaining time...
2.86% complete. Top fitness: 0.961. Estimating remaining time...
4.29% complete. Top fitness: 0.961. Estimated time remaining: 0 seconds.
5.71% complete. Top fitness: 0.961. Estimated time remaining: 0 seconds.
7.14% complete. Top fitness: 0.961. Estimated time remaining: 0 seconds.
8.57% complete. Top fitness: 0.961. Estimated time remaining: 0 seconds.
10% complete. Top fitness: 0.961. Estimated time remaining: 0 seconds.
11.4% complete. Top fitness: 0.961. Estimated time remaining: 0 seconds.
12.9% complete. Top fitness: 0.961. Estimated time remaining: 0 seconds.
14.3% complete. Top fitness: 0.961. Estimated time remaining: 0 seconds.
15.7% complete. Top fitness: 0.979. Estimated time remaining: 0 seconds.
17.1% complete. Top fitness: 0.979. Estimated time remaining: 0 seconds.
18.6% complete. Top fitness: 0.979. Estimated time remaining: 0 seconds.
20% complete. Top fitness: 0.979. Estimated time remaining: 0 seconds.
21.4% complete. Top fitness: 0.979. Estimated time remaining: 0 seconds.
22.9% complete. Top fitness: 0.979. Estimated time remaining: 0 seconds.
24.3% complete. Top fitness: 0.979. Estimated time remaining: 0 seconds.
25.7% complete. Top fitness: 0.979. Estimated time remaining: 0 seconds.
27.1% complete. Top fitness: 0.979. Estimated time remaining: 0 seconds.
28.6% complete. Top fitness: 0.979. Estimated time remaining: 0 seconds.
30% complete. Top fitness: 0.979. Estimated time remaining: 0 seconds.
31.4% complete. Top fitness: 0.979. Estimated time remaining: 0 seconds.
32.9% complete. Top fitness: 0.979. Estimated time remaining: 0 seconds.
34.3% complete. Top fitness: 0.979. Estimated time remaining: 0 seconds.
35.7% complete. Top fitness: 0.979. Estimated time remaining: 0 seconds.
37.1% complete. Top fitness: 0.979. Estimated time remaining: 0 seconds.
38.6% complete. Top fitness: 0.979. Estimated time remaining: 0 seconds.
40% complete. Top fitness: 0.979. Estimated time remaining: 0 seconds.
41.4% complete. Top fitness: 0.979. Estimated time remaining: 0 seconds.
42.9% complete. Top fitness: 0.979. Estimated time remaining: 0 seconds.
44.3% complete. Top fitness: 0.985. Estimated time remaining: 0 seconds.
45.7% complete. Top fitness: 0.985. Estimated time remaining: 0 seconds.
47.1% complete. Top fitness: 0.985. Estimated time remaining: 0 seconds.
48.6% complete. Top fitness: 0.985. Estimated time remaining: 0 seconds.
50% complete. Top fitness: 0.985. Estimated time remaining: 0 seconds.
51.4% complete. Top fitness: 0.986. Estimated time remaining: 0 seconds.
52.9% complete. Top fitness: 0.986. Estimated time remaining: 0 seconds.
54.3% complete. Top fitness: 0.986. Estimated time remaining: 0 seconds.
55.7% complete. Top fitness: 0.986. Estimated time remaining: 0 seconds.
57.1% complete. Top fitness: 0.986. Estimated time remaining: 0 seconds.
58.6% complete. Top fitness: 0.986. Estimated time remaining: 0 seconds.
60% complete. Top fitness: 0.986. Estimated time remaining: 0 seconds.
61.4% complete. Top fitness: 0.986. Estimated time remaining: 0 seconds.
62.9% complete. Top fitness: 0.986. Estimated time remaining: 0 seconds.
64.3% complete. Top fitness: 0.986. Estimated time remaining: 0 seconds.
65.7% complete. Top fitness: 0.986. Estimated time remaining: 0 seconds.
67.1% complete. Top fitness: 0.986. Estimated time remaining: 0 seconds.
68.6% complete. Top fitness: 0.986. Estimated time remaining: 0 seconds.
70% complete. Top fitness: 0.986. Estimated time remaining: 0 seconds.
71.4% complete. Top fitness: 0.986. Estimated time remaining: 0 seconds.
72.9% complete. Top fitness: 0.988. Estimated time remaining: 0 seconds.
74.3% complete. Top fitness: 0.988. Estimated time remaining: 0 seconds.
75.7% complete. Top fitness: 0.988. Estimated time remaining: 0 seconds.
77.1% complete. Top fitness: 0.988. Estimated time remaining: 0 seconds.
78.6% complete. Top fitness: 0.988. Estimated time remaining: 0 seconds.
80% complete. Top fitness: 0.988. Estimated time remaining: 0 seconds.
81.4% complete. Top fitness: 0.989. Estimated time remaining: 0 seconds.
82.9% complete. Top fitness: 0.989. Estimated time remaining: 0 seconds.
84.3% complete. Top fitness: 0.989. Estimated time remaining: 0 seconds.
85.7% complete. Top fitness: 0.989. Estimated time remaining: 0 seconds.
87.1% complete. Top fitness: 0.989. Estimated time remaining: 0.8 seconds.
88.6% complete. Top fitness: 0.989. Estimated time remaining: 0.66 seconds.
90% complete. Top fitness: 0.989. Estimated time remaining: 0.55 seconds.
91.4% complete. Top fitness: 0.989. Estimated time remaining: 0.45 seconds.
92.9% complete. Top fitness: 0.989. Estimated time remaining: 0.36 seconds.
94.3% complete. Top fitness: 0.989. Estimated time remaining: 0.29 seconds.
95.7% complete. Top fitness: 0.989. Estimated time remaining: 0.22 seconds.
97.1% complete. Top fitness: 0.989. Estimated time remaining: 0.31 seconds.
98.6% complete. Top fitness: 0.989. Estimated time remaining: 0.19 seconds.
100% complete. Top fitness: 0.989. 
Total runtime (ms): 31682
{
"global_top": {
"score": 0.989287,
"num_pillars": 6,
"inlet": {
"widths" : [0.4, 0.2, 0.4],"material" : [0, 1, 0]},
"seq": [0.6177, -0.03735, 1, 0.4028, -0.04076, 1, 0.411, -0.1447, 1, 0.3658, 0.1324, 1, 0.3937, 0.1285, 1, 0.4169, -0.1166, 1],
"indices": [19, 3, 2, 4, 4, 2]
}
,
"per_pillar": [
{
"score": 0.961,
"num_pillars": 1,
"inlet": {
"widths" : [0.4, 0.2, 0.4],"material" : [0, 1, 0]},
"seq": [0.6149, 0.0443, 1],
"indices": [19]
}
,
{
"score": 0.9787,
"num_pillars": 2,
"inlet": {
"widths" : [0.4, 0.2, 0.4],"material" : [0, 1, 0]},
"seq": [0.4691, -0.01697, 1, 0.4528, -0.0126, 1],
"indices": [11, 11]
}
,
{
"score": 0.9791,
"num_pillars": 3,
"inlet": {
"widths" : [0.4, 0.2, 0.4],"material" : [0, 1, 0]},
"seq": [0.558, 0.02584, 1, 0.398, 0.001003, 1, 0.3502, -0.0009267, 1],
"indices": [11, 3, 3]
}
,
{
"score": 0.9863,
"num_pillars": 4,
"inlet": {
"widths" : [0.4, 0.2, 0.4],"material" : [0, 1, 0]},
"seq": [0.6426, 0.04307, 1, 0.3172, 0.003667, 1, 0.3233, 0.1153, 1, 0.333, -0.1181, 1],
"indices": [19, 3, 4, 2]
}
,
{
"score": 0.9859,
"num_pillars": 5,
"inlet": {
"widths" : [0.4, 0.2, 0.4],"material" : [0, 1, 0]},
"seq": [0.5236, 0.01014, 1, 0.3176, 0.00869, 1, 0.3134, -0.01409, 1, 0.3265, 0.07309, 1, 0.3132, -0.1433, 1],
"indices": [11, 3, 3, 4, 2]
}
,
{
"score": 0.9893,
"num_pillars": 6,
"inlet": {
"widths" : [0.4, 0.2, 0.4],"material" : [0, 1, 0]},
"seq": [0.6177, -0.03735, 1, 0.4028, -0.04076, 1, 0.411, -0.1447, 1, 0.3658, 0.1324, 1, 0.3937, 0.1285, 1, 0.4169, -0.1166, 1],
"indices": [19, 3, 2, 4, 4, 2]
}
]}
job_name: add_vertex
