Starting FlowSculpt search.
Parallel pool initialized with 16 threads.
1.43% complete. Top fitness: 0.781. Estimating remaining time...
2.86% complete. Top fitness: 0.781. Estimating remaining time...
4.29% complete. Top fitness: 0.781. Estimated time remaining: 0 seconds.
5.71% complete. Top fitness: 0.781. Estimated time remaining: 0 seconds.
7.14% complete. Top fitness: 0.781. Estimated time remaining: 0 seconds.
8.57% complete. Top fitness: 0.781. Estimated time remaining: 0 seconds.
10% complete. Top fitness: 0.781. Estimated time remaining: 0 seconds.
11.4% complete. Top fitness: 0.781. Estimated time remaining: 0 seconds.
12.9% complete. Top fitness: 0.781. Estimated time remaining: 0 seconds.
14.3% complete. Top fitness: 0.781. Estimated time remaining: 0 seconds.
15.7% complete. Top fitness: 0.814. Estimated time remaining: 0 seconds.
17.1% complete. Top fitness: 0.814. Estimated time remaining: 0 seconds.
18.6% complete. Top fitness: 0.814. Estimated time remaining: 0 seconds.
20% complete. Top fitness: 0.814. Estimated time remaining: 0 seconds.
21.4% complete. Top fitness: 0.814. Estimated time remaining: 0 seconds.
22.9% complete. Top fitness: 0.814. Estimated time remaining: 0 seconds.
24.3% complete. Top fitness: 0.814. Estimated time remaining: 0 seconds.
25.7% complete. Top fitness: 0.814. Estimated time remaining: 0 seconds.
27.1% complete. Top fitness: 0.814. Estimated time remaining: 0 seconds.
28.6% complete. Top fitness: 0.814. Estimated time remaining: 0 seconds.
30% complete. Top fitness: 0.843. Estimated time remaining: 0 seconds.
31.4% complete. Top fitness: 0.843. Estimated time remaining: 0 seconds.
32.9% complete. Top fitness: 0.843. Estimated time remaining: 0 seconds.
34.3% complete. Top fitness: 0.843. Estimated time remaining: 0 seconds.
35.7% complete. Top fitness: 0.843. Estimated time remaining: 0 seconds.
37.1% complete. Top fitness: 0.843. Estimated time remaining: 0 seconds.
38.6% complete. Top fitness: 0.843. Estimated time remaining: 0 seconds.
40% complete. Top fitness: 0.843. Estimated time remaining: 0 seconds.
41.4% complete. Top fitness: 0.843. Estimated time remaining: 0 seconds.
42.9% complete. Top fitness: 0.843. Estimated time remaining: 0 seconds.
44.3% complete. Top fitness: 0.873. Estimated time remaining: 0 seconds.
45.7% complete. Top fitness: 0.873. Estimated time remaining: 0 seconds.
47.1% complete. Top fitness: 0.873. Estimated time remaining: 0 seconds.
48.6% complete. Top fitness: 0.873. Estimated time remaining: 0 seconds.
50% complete. Top fitness: 0.873. Estimated time remaining: 0 seconds.
51.4% complete. Top fitness: 0.873. Estimated time remaining: 0 seconds.
52.9% complete. Top fitness: 0.873. Estimated time remaining: 0 seconds.
54.3% complete. Top fitness: 0.873. Estimated time remaining: 0 seconds.
55.7% complete. Top fitness: 0.873. Estimated time remaining: 0 seconds.
57.1% complete. Top fitness: 0.873. Estimated time remaining: 0 seconds.
58.6% complete. Top fitness: 0.905. Estimated time remaining: 0 seconds.
60% complete. Top fitness: 0.905. Estimated time remaining: 0 seconds.
61.4% complete. Top fitness: 0.905. Estimated time remaining: 0 seconds.
62.9% complete. Top fitness: 0.905. Estimated time remaining: 0 seconds.
64.3% complete. Top fitness: 0.905. Estimated time remaining: 0 seconds.
65.7% complete. Top fitness: 0.905. Estimated time remaining: 0 seconds.
67.1% complete. Top fitness: 0.905. Estimated time remaining: 0 seconds.
68.6% complete. Top fitness: 0.905. Estimated time remaining: 0 seconds.
70% complete. Top fitness: 0.905. Estimated time remaining: 0 seconds.
71.4% complete. Top fitness: 0.905. Estimated time remaining: 0 seconds.
72.9% complete. Top fitness: 0.943. Estimated time remaining: 0 seconds.
74.3% complete. Top fitness: 0.943. Estimated time remaining: 0 seconds.
75.7% complete. Top fitness: 0.943. Estimated time remaining: 0 seconds.
77.1% complete. Top fitness: 0.943. Estimated time remaining: 0 seconds.
78.6% complete. Top fitness: 0.943. Estimated time remaining: 0 seconds.
80% complete. Top fitness: 0.943. Estimated time remaining: 0 seconds.
81.4% complete. Top fitness: 0.943. Estimated time remaining: 0 seconds.
82.9% complete. Top fitness: 0.943. Estimated time remaining: 0 seconds.
84.3% complete. Top fitness: 0.943. Estimated time remaining: 0 seconds.
85.7% complete. Top fitness: 0.943. Estimated time remaining: 0 seconds.
87.1% complete. Top fitness: 0.966. Estimated time remaining: 0 seconds.
88.6% complete. Top fitness: 0.966. Estimated time remaining: 0 seconds.
90% complete. Top fitness: 0.966. Estimated time remaining: 0 seconds.
91.4% complete. Top fitness: 0.966. Estimated time remaining: 0 seconds.
92.9% complete. Top fitness: 0.966. Estimated time remaining: 0 seconds.
94.3% complete. Top fitness: 0.966. Estimated time remaining: 0 seconds.
95.7% complete. Top fitness: 0.966. Estimated time remaining: 0 seconds.
97.1% complete. Top fitness: 0.966. Estimated time remaining: 0 seconds.
98.6% complete. Top fitness: 0.966. Estimated time remaining: 0 seconds.
100% complete. Top fitness: 0.966. 
Total runtime (ms): 18147
{
"global_top": {
"score": 0.965912,
"num_pillars": 7,
"inlet": {
"widths" : [0.4, 0.2, 0.4],"material" : [0, 1, 0]},
"seq": [0.6116, -0.04436, 1, 0.5562, -0.05642, 1, 0.6039, 0.03205, 1, 0.764, 0.03112, 1, 0.7623, 0.006008, 1, 0.7056, -0.04058, 1, 0.7486, -0.02626, 1],
"indices": [19, 11, 19, 27, 27, 27, 27]
}
,
"per_pillar": [
{
"score": 0.7806,
"num_pillars": 1,
"inlet": {
"widths" : [0.4, 0.2, 0.4],"material" : [0, 1, 0]},
"seq": [0.7692, 0.01226, 1],
"indices": [27]
}
,
{
"score": 0.8136,
"num_pillars": 2,
"inlet": {
"widths" : [0.4, 0.2, 0.4],"material" : [0, 1, 0]},
"seq": [0.6731, 0.00655, 1, 0.6028, -0.03334, 1],
"indices": [19, 19]
}
,
{
"score": 0.8426,
"num_pillars": 3,
"inlet": {
"widths" : [0.4, 0.2, 0.4],"material" : [0, 1, 0]},
"seq": [0.6198, -0.02808, 1, 0.6268, -0.006313, 1, 0.6608, -0.0121, 1],
"indices": [19, 19, 19]
}
,
{
"score": 0.8734,
"num_pillars": 4,
"inlet": {
"widths" : [0.4, 0.2, 0.4],"material" : [0, 1, 0]},
"seq": [0.6586, -0.01418, 1, 0.6043, 0.009049, 1, 0.6296, 0.006852, 1, 0.6812, 0.001598, 1],
"indices": [19, 19, 19, 19]
}
,
{
"score": 0.9055,
"num_pillars": 5,
"inlet": {
"widths" : [0.4, 0.2, 0.4],"material" : [0, 1, 0]},
"seq": [0.6708, 0.01647, 1, 0.603, 0.0282, 1, 0.599, 0.000238, 1, 0.6804, -0.006316, 1, 0.7201, -0.0104, 1],
"indices": [19, 19, 19, 19, 27]
}
,
{
"score": 0.9427,
"num_pillars": 6,
"inlet": {
"widths" : [0.4, 0.2, 0.4],"material" : [0, 1, 0]},
"seq": [0.6267, 0.01316, 1, 0.6474, 0.05854, 1, 0.6774, -0.0167, 1, 0.7218, -0.03137, 1, 0.7573, 0.009294, 1, 0.7881, -0.02842, 1],
"indices": [19, 19, 19, 27, 27, 27]
}
]}
job_name: dumbbell_2
