Starting FlowSculpt search.
10% complete. Top fitness: 0.982. Estimating remaining time...
20% complete. Top fitness: 0.984. Estimating remaining time...
30% complete. Top fitness: 0.984. Estimated time remaining: 37 seconds.
40% complete. Top fitness: 0.986. Estimated time remaining: 32 seconds.
50% complete. Top fitness: 0.986. Estimated time remaining: 29 seconds.
60% complete. Top fitness: 0.986. Estimated time remaining: 23 seconds.
70% complete. Top fitness: 0.986. Estimated time remaining: 19 seconds.
80% complete. Top fitness: 0.986. Estimated time remaining: 14 seconds.
90% complete. Top fitness: 0.986. Estimated time remaining: 9.3 seconds.
100% complete. Top fitness: 0.986. 
Total runtime (ms): 53716
{
"global_top": {
"score": 0.986337,
"num_pillars": 7,
"inlet": {
"widths" : [0.4, 0.2, 0.4],"material" : [0, 1, 0]},
"seq": [0.6565, 0.03694, 1, 0.5853, -0.0126, 1, 0.6697, -0.02892, 1, 0.8049, 0.2972, 1, 0.6393, 0.1026, 1, 0.8108, 0.1986, 1, 0.767, -0.2164, 1],
"indices": [19, 19, 19, 29, 20, 29, 25]
}
,
"per_pillar": [
{
"score": 0.9863,
"num_pillars": 7,
"inlet": {
"widths" : [0.4, 0.2, 0.4],"material" : [0, 1, 0]},
"seq": [0.6565, 0.03694, 1, 0.5853, -0.0126, 1, 0.6697, -0.02892, 1, 0.8049, 0.2972, 1, 0.6393, 0.1026, 1, 0.8108, 0.1986, 1, 0.767, -0.2164, 1],
"indices": [19, 19, 19, 29, 20, 29, 25]
}
]}
job_name: shift
