Starting FlowSculpt search.
Parallel pool initialized with 12 threads.
10% complete. Top fitness: 0.994. Estimating remaining time...
20% complete. Top fitness: 0.994. Estimating remaining time...
30% complete. Top fitness: 0.994. Estimated time remaining: 11 seconds.
40% complete. Top fitness: 0.994. Estimated time remaining: 12 seconds.
50% complete. Top fitness: 0.994. Estimated time remaining: 9.6 seconds.
60% complete. Top fitness: 0.994. Estimated time remaining: 9.2 seconds.
70% complete. Top fitness: 0.994. Estimated time remaining: 7.4 seconds.
80% complete. Top fitness: 0.996. Estimated time remaining: 5.6 seconds.
90% complete. Top fitness: 0.996. Estimated time remaining: 3.8 seconds.
100% complete. Top fitness: 0.996. 
Total runtime (ms): 23557
{
"global_top": {
"score": 0.996088,
"num_pillars": 7,
"inlet": {
"widths" : [0.4, 0.2, 0.4],"material" : [0, 1, 0]},
"seq": [0.7372, -0.007182, 1, 0.7426, -0.05535, 1, 0.5384, 0.04986, 1, 0.7869, -0.02036, 1, 0.5132, 0.5348, 1, 0.8022, 0.03758, 1, 0.6583, 0.004686, 1],
"indices": [27, 27, 11, 27, 15, 27, 19]
}
,
"per_pillar": [
]}
job_name: dumbbell_1
