Warning: Desired fitness function not found. Defaulting to Corr2Fitness
Starting FlowSculpt search.
Parallel pool initialized with 12 threads.
10% complete. Top fitness: 0.983. Estimating remaining time...
20% complete. Top fitness: 0.983. Estimating remaining time...
30% complete. Top fitness: 0.983. Estimated time remaining: 11 seconds.
40% complete. Top fitness: 0.983. Estimated time remaining: 12 seconds.
50% complete. Top fitness: 0.983. Estimated time remaining: 9.6 seconds.
60% complete. Top fitness: 0.983. Estimated time remaining: 7.5 seconds.
70% complete. Top fitness: 0.983. Estimated time remaining: 5.7 seconds.
80% complete. Top fitness: 0.983. Estimated time remaining: 4.1 seconds.
90% complete. Top fitness: 0.983. Estimated time remaining: 2.7 seconds.
100% complete. Top fitness: 0.983. 
Total runtime (ms): 20114
{
"global_top": {
"score": 0.983016,
"num_pillars": 7,
"inlet": {
"widths" : [0.4, 0.2, 0.4],"material" : [0, 1, 0]},
"seq": [0.7634, -0.01019, 1, 0.7182, 0.0002392, 1, 0.7338, 0.4894, 1, 0.6418, 0.02838, 1, 0.7238, 0.01762, 1, 0.7787, -0.02537, 1, 0.6783, -0.02159, 1],
"indices": [27, 27, 31, 19, 27, 27, 19]
}
,
"per_pillar": [
]}
job_name: dumbbell_1
