Starting FlowSculpt search.
Parallel pool initialized with 12 threads.
10% complete. Top fitness: 0.782. Estimating remaining time...
20% complete. Top fitness: 0.782. Estimating remaining time...
30% complete. Top fitness: 0.782. Estimated time remaining: 2.7 seconds.
40% complete. Top fitness: 0.782. Estimated time remaining: 1.8 seconds.
50% complete. Top fitness: 0.782. Estimated time remaining: 1.2 seconds.
60% complete. Top fitness: 0.782. Estimated time remaining: 0.83 seconds.
70% complete. Top fitness: 0.782. Estimated time remaining: 0.57 seconds.
80% complete. Top fitness: 0.782. Estimated time remaining: 0.38 seconds.
90% complete. Top fitness: 0.782. Estimated time remaining: 0.22 seconds.
100% complete. Top fitness: 0.782. 
Total runtime (ms): 9937
{
"global_top": {
"score": 0.782,
"num_pillars": 1,
"inlet": {
"widths" : [0.4, 0.2, 0.4],"material" : [0, 1, 0]},
"seq": [0.7791, -0.03625, 1],
"indices": [27]
}
,
"per_pillar": [
]}
job_name: dummbell_2
