Starting FlowSculpt search.
Parallel pool initialized with 16 threads.
1.43% complete. Top fitness: 0.715. Estimating remaining time...
2.86% complete. Top fitness: 0.715. Estimating remaining time...
4.29% complete. Top fitness: 0.715. Estimated time remaining: 0 seconds.
5.71% complete. Top fitness: 0.715. Estimated time remaining: 0 seconds.
7.14% complete. Top fitness: 0.715. Estimated time remaining: 0 seconds.
8.57% complete. Top fitness: 0.715. Estimated time remaining: 0 seconds.
10% complete. Top fitness: 0.715. Estimated time remaining: 0 seconds.
11.4% complete. Top fitness: 0.715. Estimated time remaining: 0 seconds.
12.9% complete. Top fitness: 0.715. Estimated time remaining: 0 seconds.
14.3% complete. Top fitness: 0.715. Estimated time remaining: 0 seconds.
15.7% complete. Top fitness: 0.815. Estimated time remaining: 0 seconds.
17.1% complete. Top fitness: 0.815. Estimated time remaining: 0 seconds.
18.6% complete. Top fitness: 0.815. Estimated time remaining: 0 seconds.
20% complete. Top fitness: 0.815. Estimated time remaining: 0 seconds.
21.4% complete. Top fitness: 0.815. Estimated time remaining: 0 seconds.
22.9% complete. Top fitness: 0.815. Estimated time remaining: 0 seconds.
24.3% complete. Top fitness: 0.815. Estimated time remaining: 0 seconds.
25.7% complete. Top fitness: 0.815. Estimated time remaining: 0 seconds.
27.1% complete. Top fitness: 0.815. Estimated time remaining: 0 seconds.
28.6% complete. Top fitness: 0.815. Estimated time remaining: 0 seconds.
30% complete. Top fitness: 0.891. Estimated time remaining: 0 seconds.
31.4% complete. Top fitness: 0.891. Estimated time remaining: 0 seconds.
32.9% complete. Top fitness: 0.937. Estimated time remaining: 0 seconds.
34.3% complete. Top fitness: 0.937. Estimated time remaining: 0 seconds.
35.7% complete. Top fitness: 0.937. Estimated time remaining: 0 seconds.
37.1% complete. Top fitness: 0.937. Estimated time remaining: 0 seconds.
38.6% complete. Top fitness: 0.937. Estimated time remaining: 0 seconds.
40% complete. Top fitness: 0.937. Estimated time remaining: 0 seconds.
41.4% complete. Top fitness: 0.937. Estimated time remaining: 0 seconds.
42.9% complete. Top fitness: 0.937. Estimated time remaining: 0 seconds.
44.3% complete. Top fitness: 0.937. Estimated time remaining: 0 seconds.
45.7% complete. Top fitness: 0.937. Estimated time remaining: 0 seconds.
47.1% complete. Top fitness: 0.941. Estimated time remaining: 0 seconds.
48.6% complete. Top fitness: 0.941. Estimated time remaining: 0 seconds.
50% complete. Top fitness: 0.941. Estimated time remaining: 0 seconds.
51.4% complete. Top fitness: 0.941. Estimated time remaining: 0 seconds.
52.9% complete. Top fitness: 0.941. Estimated time remaining: 0 seconds.
54.3% complete. Top fitness: 0.941. Estimated time remaining: 0 seconds.
55.7% complete. Top fitness: 0.941. Estimated time remaining: 0 seconds.
57.1% complete. Top fitness: 0.941. Estimated time remaining: 0 seconds.
58.6% complete. Top fitness: 0.941. Estimated time remaining: 0 seconds.
60% complete. Top fitness: 0.941. Estimated time remaining: 0 seconds.
61.4% complete. Top fitness: 0.941. Estimated time remaining: 0 seconds.
62.9% complete. Top fitness: 0.941. Estimated time remaining: 0 seconds.
64.3% complete. Top fitness: 0.941. Estimated time remaining: 0 seconds.
65.7% complete. Top fitness: 0.943. Estimated time remaining: 0 seconds.
67.1% complete. Top fitness: 0.943. Estimated time remaining: 0 seconds.
68.6% complete. Top fitness: 0.943. Estimated time remaining: 0 seconds.
70% complete. Top fitness: 0.943. Estimated time remaining: 0 seconds.
71.4% complete. Top fitness: 0.943. Estimated time remaining: 0 seconds.
72.9% complete. Top fitness: 0.943. Estimated time remaining: 0 seconds.
74.3% complete. Top fitness: 0.943. Estimated time remaining: 0 seconds.
75.7% complete. Top fitness: 0.943. Estimated time remaining: 0 seconds.
77.1% complete. Top fitness: 0.959. Estimated time remaining: 0 seconds.
78.6% complete. Top fitness: 0.959. Estimated time remaining: 0 seconds.
80% complete. Top fitness: 0.959. Estimated time remaining: 0 seconds.
81.4% complete. Top fitness: 0.959. Estimated time remaining: 0 seconds.
82.9% complete. Top fitness: 0.959. Estimated time remaining: 0 seconds.
84.3% complete. Top fitness: 0.959. Estimated time remaining: 0 seconds.
85.7% complete. Top fitness: 0.959. Estimated time remaining: 0 seconds.
87.1% complete. Top fitness: 0.959. Estimated time remaining: 0 seconds.
88.6% complete. Top fitness: 0.959. Estimated time remaining: 0 seconds.
90% complete. Top fitness: 0.959. Estimated time remaining: 0 seconds.
91.4% complete. Top fitness: 0.959. Estimated time remaining: 0 seconds.
92.9% complete. Top fitness: 0.959. Estimated time remaining: 0 seconds.
94.3% complete. Top fitness: 0.959. Estimated time remaining: 0 seconds.
95.7% complete. Top fitness: 0.959. Estimated time remaining: 0 seconds.
97.1% complete. Top fitness: 0.959. Estimated time remaining: 0 seconds.
98.6% complete. Top fitness: 0.959. Estimated time remaining: 0 seconds.
100% complete. Top fitness: 0.959. 
Total runtime (ms): 19312
{
"global_top": {
"score": 0.958675,
"num_pillars": 6,
"inlet": {
"widths" : [0.4, 0.2, 0.4],"material" : [0, 1, 0]},
"seq": [0.8125, 0.2346, 1, 0.7548, 0.2009, 1, 0.3788, -0.4374, 1, 0.7704, 0.1734, 1, 0.3578, 0.0359, 1, 0.8118, 0.1222, 1],
"indices": [29, 29, 0, 28, 3, 28]
}
,
"per_pillar": [
{
"score": 0.7147,
"num_pillars": 1,
"inlet": {
"widths" : [0.4, 0.2, 0.4],"material" : [0, 1, 0]},
"seq": [0.7595, -0.04449, 1],
"indices": [27]
}
,
{
"score": 0.8145,
"num_pillars": 2,
"inlet": {
"widths" : [0.4, 0.2, 0.4],"material" : [0, 1, 0]},
"seq": [0.7858, -0.1645, 1, 0.7854, -0.1431, 1],
"indices": [26, 26]
}
,
{
"score": 0.9372,
"num_pillars": 3,
"inlet": {
"widths" : [0.4, 0.2, 0.4],"material" : [0, 1, 0]},
"seq": [0.7303, 0.1691, 1, 0.7326, 0.07543, 1, 0.7859, 0.1263, 1],
"indices": [28, 28, 28]
}
,
{
"score": 0.9412,
"num_pillars": 4,
"inlet": {
"widths" : [0.4, 0.2, 0.4],"material" : [0, 1, 0]},
"seq": [0.778, 0.1345, 1, 0.3839, 0.3322, 1, 0.7983, 0.09817, 1, 0.8041, 0.1296, 1],
"indices": [28, 6, 28, 28]
}
,
{
"score": 0.9429,
"num_pillars": 5,
"inlet": {
"widths" : [0.4, 0.2, 0.4],"material" : [0, 1, 0]},
"seq": [0.4708, 0.5362, 1, 0.7255, 0.1243, 1, 0.3849, 0.4036, 1, 0.7387, 0.1794, 1, 0.8125, 0.1473, 1],
"indices": [15, 28, 6, 28, 28]
}
,
{
"score": 0.9587,
"num_pillars": 6,
"inlet": {
"widths" : [0.4, 0.2, 0.4],"material" : [0, 1, 0]},
"seq": [0.8125, 0.2346, 1, 0.7548, 0.2009, 1, 0.3788, -0.4374, 1, 0.7704, 0.1734, 1, 0.3578, 0.0359, 1, 0.8118, 0.1222, 1],
"indices": [29, 29, 0, 28, 3, 28]
}
]}
job_name: encapsulate
