Starting FlowSculpt search.
10% complete. Top fitness: 0.905. Estimating remaining time...
20% complete. Top fitness: 0.905. Estimating remaining time...
30% complete. Top fitness: 0.905. Estimated time remaining: 19 seconds.
40% complete. Top fitness: 0.905. Estimated time remaining: 16 seconds.
50% complete. Top fitness: 0.905. Estimated time remaining: 13 seconds.
60% complete. Top fitness: 0.905. Estimated time remaining: 11 seconds.
70% complete. Top fitness: 0.905. Estimated time remaining: 9.1 seconds.
80% complete. Top fitness: 0.905. Estimated time remaining: 6.7 seconds.
90% complete. Top fitness: 0.905. Estimated time remaining: 4.4 seconds.
100% complete. Top fitness: 0.905. 
Total runtime (ms): 29181
{
"global_top": {
"score": 0.9055,
"num_pillars": 5,
"inlet": {
"widths" : [0.4, 0.2, 0.4],"material" : [0, 1, 0]},
"seq": [0.6158, -0.04376, 1, 0.6187, -0.0201, 1, 0.5649, -0.04703, 1, 0.5799, -0.03253, 1, 0.7732, 0.01521, 1],
"indices": [19, 19, 19, 19, 27]
}
,
"per_pillar": [
{
"score": 0.9055,
"num_pillars": 5,
"inlet": {
"widths" : [0.4, 0.2, 0.4],"material" : [0, 1, 0]},
"seq": [0.6158, -0.04376, 1, 0.6187, -0.0201, 1, 0.5649, -0.04703, 1, 0.5799, -0.03253, 1, 0.7732, 0.01521, 1],
"indices": [19, 19, 19, 19, 27]
}
]}
job_name: dumbbell_2
